<?xml version="1.0" encoding="UTF-8" standalone="no"?>
<!DOCTYPE log SYSTEM "logger.dtd">
<log>
<record>
  <date>2019-09-02T20:23:28</date>
  <millis>1567430608197</millis>
  <sequence>0</sequence>
  <level>START</level>
  <class>com.kms.katalon.core.logging.XmlKeywordLogger</class>
  <method>startSuite</method>
  <thread>1</thread>
  <message>Start Test Suite : Test Suites/Login</message>
  <nestedLevel>0</nestedLevel>
  <property name="name">Login</property>
  <property name="description"></property>
  <property name="id">Test Suites/Login</property>
</record>
<record>
  <date>2019-09-02T20:23:28</date>
  <millis>1567430608270</millis>
  <sequence>1</sequence>
  <level>RUN_DATA</level>
  <class>com.kms.katalon.core.logging.XmlKeywordLogger</class>
  <method>logMessage</method>
  <thread>1</thread>
  <message>hostName = Meteor_PC - 172.18.1.172</message>
  <nestedLevel>0</nestedLevel>
  <property name="hostName">Meteor_PC - 172.18.1.172</property>
</record>
<record>
  <date>2019-09-02T20:23:28</date>
  <millis>1567430608276</millis>
  <sequence>2</sequence>
  <level>RUN_DATA</level>
  <class>com.kms.katalon.core.logging.XmlKeywordLogger</class>
  <method>logMessage</method>
  <thread>1</thread>
  <message>os = Windows 10 64bit</message>
  <nestedLevel>0</nestedLevel>
  <property name="os">Windows 10 64bit</property>
</record>
<record>
  <date>2019-09-02T20:23:28</date>
  <millis>1567430608279</millis>
  <sequence>3</sequence>
  <level>RUN_DATA</level>
  <class>com.kms.katalon.core.logging.XmlKeywordLogger</class>
  <method>logMessage</method>
  <thread>1</thread>
  <message>hostAddress = 172.18.1.172</message>
  <nestedLevel>0</nestedLevel>
  <property name="hostAddress">172.18.1.172</property>
</record>
<record>
  <date>2019-09-02T20:23:28</date>
  <millis>1567430608284</millis>
  <sequence>4</sequence>
  <level>RUN_DATA</level>
  <class>com.kms.katalon.core.logging.XmlKeywordLogger</class>
  <method>logMessage</method>
  <thread>1</thread>
  <message>katalonVersion = 6.2.0.1</message>
  <nestedLevel>0</nestedLevel>
  <property name="katalonVersion">6.2.0.1</property>
</record>
<record>
  <date>2019-09-02T20:23:29</date>
  <millis>1567430609162</millis>
  <sequence>5</sequence>
  <level>START</level>
  <class>com.kms.katalon.core.logging.XmlKeywordLogger</class>
  <method>startTest</method>
  <thread>1</thread>
  <message>Start Test Case : Test Cases/Login/login-field email null</message>
  <nestedLevel>1</nestedLevel>
  <property name="name">Test Cases/Login/login-field email null</property>
  <property name="description"></property>
  <property name="id">Test Cases/Login/login-field email null</property>
  <property name="source">C:\\Users\\Meteor_PC\\Katalon Studio\\Alfamind\\Test Cases\\Login\\login-field email null.tc</property>
  <property name="tag"></property>
  <property name="isOptional">false</property>
</record>
<record>
  <date>2019-09-02T20:23:30</date>
  <millis>1567430610269</millis>
  <sequence>7</sequence>
  <level>START</level>
  <class>com.kms.katalon.core.logging.XmlKeywordLogger</class>
  <method>startKeyword</method>
  <thread>1</thread>
  <message>Start action : startApplication(ApkFile, false)</message>
  <nestedLevel>1</nestedLevel>
  <property name="startLine">16</property>
  <property name="stepIndex">1</property>
</record>
<record>
  <date>2019-09-02T20:23:45</date>
  <millis>1567430625555</millis>
  <sequence>9</sequence>
  <level>INFO</level>
  <class>com.kms.katalon.core.logging.XmlKeywordLogger</class>
  <method>logMessage</method>
  <thread>1</thread>
  <message>Appium server started on port 10.106</message>
  <nestedLevel>1</nestedLevel>
</record>
<record>
  <date>2019-09-02T20:24:22</date>
  <millis>1567430662753</millis>
  <sequence>11</sequence>
  <level>RUN_DATA</level>
  <class>com.kms.katalon.core.logging.XmlKeywordLogger</class>
  <method>logMessage</method>
  <thread>1</thread>
  <message>appiumVersion = 1.8.1</message>
  <nestedLevel>1</nestedLevel>
  <property name="appiumVersion">1.8.1</property>
</record>
<record>
  <date>2019-09-02T20:24:22</date>
  <millis>1567430662794</millis>
  <sequence>12</sequence>
  <level>RUN_DATA</level>
  <class>com.kms.katalon.core.logging.XmlKeywordLogger</class>
  <method>logMessage</method>
  <thread>1</thread>
  <message>deviceId = ZDDAE6LZQKTKW4BI</message>
  <nestedLevel>1</nestedLevel>
  <property name="deviceId">ZDDAE6LZQKTKW4BI</property>
</record>
<record>
  <date>2019-09-02T20:24:22</date>
  <millis>1567430662796</millis>
  <sequence>13</sequence>
  <level>RUN_DATA</level>
  <class>com.kms.katalon.core.logging.XmlKeywordLogger</class>
  <method>logMessage</method>
  <thread>1</thread>
  <message>deviceName = vivo vivo 1802 (Android 8.1.0)</message>
  <nestedLevel>1</nestedLevel>
  <property name="deviceName">vivo vivo 1802 (Android 8.1.0)</property>
</record>
<record>
  <date>2019-09-02T20:24:22</date>
  <millis>1567430662799</millis>
  <sequence>14</sequence>
  <level>RUN_DATA</level>
  <class>com.kms.katalon.core.logging.XmlKeywordLogger</class>
  <method>logMessage</method>
  <thread>1</thread>
  <message>deviceModel = vivo 1802</message>
  <nestedLevel>1</nestedLevel>
  <property name="deviceModel">vivo 1802</property>
</record>
<record>
  <date>2019-09-02T20:24:22</date>
  <millis>1567430662807</millis>
  <sequence>15</sequence>
  <level>RUN_DATA</level>
  <class>com.kms.katalon.core.logging.XmlKeywordLogger</class>
  <method>logMessage</method>
  <thread>1</thread>
  <message>deviceManufacturer = vivo</message>
  <nestedLevel>1</nestedLevel>
  <property name="deviceManufacturer">vivo</property>
</record>
<record>
  <date>2019-09-02T20:24:22</date>
  <millis>1567430662810</millis>
  <sequence>16</sequence>
  <level>RUN_DATA</level>
  <class>com.kms.katalon.core.logging.XmlKeywordLogger</class>
  <method>logMessage</method>
  <thread>1</thread>
  <message>deviceOS = Android</message>
  <nestedLevel>1</nestedLevel>
  <property name="deviceOS">Android</property>
</record>
<record>
  <date>2019-09-02T20:24:22</date>
  <millis>1567430662812</millis>
  <sequence>17</sequence>
  <level>RUN_DATA</level>
  <class>com.kms.katalon.core.logging.XmlKeywordLogger</class>
  <method>logMessage</method>
  <thread>1</thread>
  <message>deviceOSVersion = 8.1.0</message>
  <nestedLevel>1</nestedLevel>
  <property name="deviceOSVersion">8.1.0</property>
</record>
<record>
  <date>2019-09-02T20:24:22</date>
  <millis>1567430662837</millis>
  <sequence>18</sequence>
  <level>PASSED</level>
  <class>com.kms.katalon.core.logging.XmlKeywordLogger</class>
  <method>logMessage</method>
  <thread>1</thread>
  <message>Started app at: &amp;apos;C:\\Users\\Meteor_PC\\Downloads\\Alfamind_debug - env_dev_v2 - 020919.apk&amp;apos;</message>
  <nestedLevel>1</nestedLevel>
</record>
<record>
  <date>2019-09-02T20:24:22</date>
  <millis>1567430662839</millis>
  <sequence>19</sequence>
  <level>END</level>
  <class>com.kms.katalon.core.logging.XmlKeywordLogger</class>
  <method>endKeyword</method>
  <thread>1</thread>
  <message>End action : startApplication(ApkFile, false)</message>
  <nestedLevel>1</nestedLevel>
</record>
<record>
  <date>2019-09-02T20:24:22</date>
  <millis>1567430662842</millis>
  <sequence>20</sequence>
  <level>START</level>
  <class>com.kms.katalon.core.logging.XmlKeywordLogger</class>
  <method>startKeyword</method>
  <thread>1</thread>
  <message>Start action : delay(3)</message>
  <nestedLevel>1</nestedLevel>
  <property name="startLine">18</property>
  <property name="stepIndex">2</property>
</record>
<record>
  <date>2019-09-02T20:24:25</date>
  <millis>1567430665987</millis>
  <sequence>22</sequence>
  <level>PASSED</level>
  <class>com.kms.katalon.core.logging.XmlKeywordLogger</class>
  <method>logMessage</method>
  <thread>1</thread>
  <message>Delayed 3 second(s)</message>
  <nestedLevel>1</nestedLevel>
</record>
<record>
  <date>2019-09-02T20:24:25</date>
  <millis>1567430665989</millis>
  <sequence>23</sequence>
  <level>END</level>
  <class>com.kms.katalon.core.logging.XmlKeywordLogger</class>
  <method>endKeyword</method>
  <thread>1</thread>
  <message>End action : delay(3)</message>
  <nestedLevel>1</nestedLevel>
</record>
<record>
  <date>2019-09-02T20:24:25</date>
  <millis>1567430665989</millis>
  <sequence>24</sequence>
  <level>START</level>
  <class>com.kms.katalon.core.logging.XmlKeywordLogger</class>
  <method>startKeyword</method>
  <thread>1</thread>
  <message>Start action : takeScreenshot()</message>
  <nestedLevel>1</nestedLevel>
  <property name="startLine">20</property>
  <property name="stepIndex">3</property>
</record>
<record>
  <date>2019-09-02T20:24:27</date>
  <millis>1567430667265</millis>
  <sequence>25</sequence>
  <level>PASSED</level>
  <class>com.kms.katalon.core.logging.XmlKeywordLogger</class>
  <method>logMessage</method>
  <thread>1</thread>
  <message>Screenshot is taken</message>
  <nestedLevel>1</nestedLevel>
  <property name="attachment">C:\\Users\\Meteor_PC\\Katalon Studio\\Alfamind\\Reports\\Login\\20190902_202318\\1567430666072.png</property>
</record>
<record>
  <date>2019-09-02T20:24:27</date>
  <millis>1567430667522</millis>
  <sequence>26</sequence>
  <level>END</level>
  <class>com.kms.katalon.core.logging.XmlKeywordLogger</class>
  <method>endKeyword</method>
  <thread>1</thread>
  <message>End action : takeScreenshot()</message>
  <nestedLevel>1</nestedLevel>
</record>
<record>
  <date>2019-09-02T20:24:27</date>
  <millis>1567430667523</millis>
  <sequence>27</sequence>
  <level>START</level>
  <class>com.kms.katalon.core.logging.XmlKeywordLogger</class>
  <method>startKeyword</method>
  <thread>1</thread>
  <message>Start action : punya_toko = getText(findTestObject(\&amp;quot;Object Repository/Landing Page/android.widget.TextView0 - Punya Toko Sendiri Dengan Modal Minim\&amp;quot;), 10, OPTIONAL)</message>
  <nestedLevel>1</nestedLevel>
  <property name="startLine">22</property>
  <property name="stepIndex">4</property>
</record>
<record>
  <date>2019-09-02T20:24:28</date>
  <millis>1567430668503</millis>
  <sequence>31</sequence>
  <level>PASSED</level>
  <class>com.kms.katalon.core.logging.XmlKeywordLogger</class>
  <method>logMessage</method>
  <thread>1</thread>
  <message>Text of element &amp;apos;Object Repository/Landing Page/android.widget.TextView0 - Punya Toko Sendiri Dengan Modal Minim&amp;apos; is: &amp;apos;Punya Toko Sendiri\n Dengan Modal Minim&amp;apos;</message>
  <nestedLevel>1</nestedLevel>
</record>
<record>
  <date>2019-09-02T20:24:28</date>
  <millis>1567430668505</millis>
  <sequence>32</sequence>
  <level>END</level>
  <class>com.kms.katalon.core.logging.XmlKeywordLogger</class>
  <method>endKeyword</method>
  <thread>1</thread>
  <message>End action : punya_toko = getText(findTestObject(\&amp;quot;Object Repository/Landing Page/android.widget.TextView0 - Punya Toko Sendiri Dengan Modal Minim\&amp;quot;), 10, OPTIONAL)</message>
  <nestedLevel>1</nestedLevel>
</record>
<record>
  <date>2019-09-02T20:24:28</date>
  <millis>1567430668506</millis>
  <sequence>33</sequence>
  <level>START</level>
  <class>com.kms.katalon.core.logging.XmlKeywordLogger</class>
  <method>startKeyword</method>
  <thread>1</thread>
  <message>Start action : Landing_page = verifyElementAttributeValue(findTestObject(\&amp;quot;Object Repository/Landing Page/android.widget.TextView0 - Punya Toko Sendiri Dengan Modal Minim\&amp;quot;), \&amp;quot;text\&amp;quot;, punya_toko, 10, OPTIONAL)</message>
  <nestedLevel>1</nestedLevel>
  <property name="startLine">25</property>
  <property name="stepIndex">5</property>
</record>
<record>
  <date>2019-09-02T20:24:29</date>
  <millis>1567430669089</millis>
  <sequence>38</sequence>
  <level>PASSED</level>
  <class>com.kms.katalon.core.logging.XmlKeywordLogger</class>
  <method>logMessage</method>
  <thread>1</thread>
  <message>Object &amp;apos;Object Repository/Landing Page/android.widget.TextView0 - Punya Toko Sendiri Dengan Modal Minim&amp;apos; has attribute &amp;apos;text&amp;apos; with value &amp;apos;Punya Toko Sendiri\n Dengan Modal Minim&amp;apos;</message>
  <nestedLevel>1</nestedLevel>
</record>
<record>
  <date>2019-09-02T20:24:29</date>
  <millis>1567430669091</millis>
  <sequence>39</sequence>
  <level>END</level>
  <class>com.kms.katalon.core.logging.XmlKeywordLogger</class>
  <method>endKeyword</method>
  <thread>1</thread>
  <message>End action : Landing_page = verifyElementAttributeValue(findTestObject(\&amp;quot;Object Repository/Landing Page/android.widget.TextView0 - Punya Toko Sendiri Dengan Modal Minim\&amp;quot;), \&amp;quot;text\&amp;quot;, punya_toko, 10, OPTIONAL)</message>
  <nestedLevel>1</nestedLevel>
</record>
<record>
  <date>2019-09-02T20:24:29</date>
  <millis>1567430669092</millis>
  <sequence>40</sequence>
  <level>START</level>
  <class>com.kms.katalon.core.logging.XmlKeywordLogger</class>
  <method>startKeyword</method>
  <thread>1</thread>
  <message>Start action : if (Landing_page == true)</message>
  <nestedLevel>1</nestedLevel>
  <property name="startLine">28</property>
  <property name="stepIndex">6</property>
</record>
<record>
  <date>2019-09-02T20:24:29</date>
  <millis>1567430669094</millis>
  <sequence>41</sequence>
  <level>START</level>
  <class>com.kms.katalon.core.logging.XmlKeywordLogger</class>
  <method>startKeyword</method>
  <thread>1</thread>
  <message>Start action : tap(findTestObject(\&amp;quot;Landing Page/next 1\&amp;quot;), 10)</message>
  <nestedLevel>2</nestedLevel>
  <property name="startLine">30</property>
  <property name="stepIndex">1</property>
</record>
<record>
  <date>2019-09-02T20:24:30</date>
  <millis>1567430670888</millis>
  <sequence>45</sequence>
  <level>PASSED</level>
  <class>com.kms.katalon.core.logging.XmlKeywordLogger</class>
  <method>logMessage</method>
  <thread>1</thread>
  <message>Tapped on element &amp;apos;Object Repository/Landing Page/next 1&amp;apos;</message>
  <nestedLevel>1</nestedLevel>
</record>
<record>
  <date>2019-09-02T20:24:30</date>
  <millis>1567430670890</millis>
  <sequence>46</sequence>
  <level>END</level>
  <class>com.kms.katalon.core.logging.XmlKeywordLogger</class>
  <method>endKeyword</method>
  <thread>1</thread>
  <message>End action : tap(findTestObject(\&amp;quot;Landing Page/next 1\&amp;quot;), 10)</message>
  <nestedLevel>2</nestedLevel>
</record>
<record>
  <date>2019-09-02T20:24:30</date>
  <millis>1567430670891</millis>
  <sequence>47</sequence>
  <level>START</level>
  <class>com.kms.katalon.core.logging.XmlKeywordLogger</class>
  <method>startKeyword</method>
  <thread>1</thread>
  <message>Start action : tap(findTestObject(\&amp;quot;Landing Page/next 2\&amp;quot;), 10)</message>
  <nestedLevel>2</nestedLevel>
  <property name="startLine">32</property>
  <property name="stepIndex">2</property>
</record>
<record>
  <date>2019-09-02T20:24:32</date>
  <millis>1567430672634</millis>
  <sequence>51</sequence>
  <level>PASSED</level>
  <class>com.kms.katalon.core.logging.XmlKeywordLogger</class>
  <method>logMessage</method>
  <thread>1</thread>
  <message>Tapped on element &amp;apos;Object Repository/Landing Page/next 2&amp;apos;</message>
  <nestedLevel>1</nestedLevel>
</record>
<record>
  <date>2019-09-02T20:24:32</date>
  <millis>1567430672635</millis>
  <sequence>52</sequence>
  <level>END</level>
  <class>com.kms.katalon.core.logging.XmlKeywordLogger</class>
  <method>endKeyword</method>
  <thread>1</thread>
  <message>End action : tap(findTestObject(\&amp;quot;Landing Page/next 2\&amp;quot;), 10)</message>
  <nestedLevel>2</nestedLevel>
</record>
<record>
  <date>2019-09-02T20:24:32</date>
  <millis>1567430672636</millis>
  <sequence>53</sequence>
  <level>START</level>
  <class>com.kms.katalon.core.logging.XmlKeywordLogger</class>
  <method>startKeyword</method>
  <thread>1</thread>
  <message>Start action : tap(findTestObject(\&amp;quot;Object Repository/Landing Page/android.widget.Button0 - MULAI\&amp;quot;), 10)</message>
  <nestedLevel>2</nestedLevel>
  <property name="startLine">34</property>
  <property name="stepIndex">3</property>
</record>
<record>
  <date>2019-09-02T20:24:34</date>
  <millis>1567430674976</millis>
  <sequence>57</sequence>
  <level>PASSED</level>
  <class>com.kms.katalon.core.logging.XmlKeywordLogger</class>
  <method>logMessage</method>
  <thread>1</thread>
  <message>Tapped on element &amp;apos;Object Repository/Landing Page/android.widget.Button0 - MULAI&amp;apos;</message>
  <nestedLevel>1</nestedLevel>
</record>
<record>
  <date>2019-09-02T20:24:34</date>
  <millis>1567430674979</millis>
  <sequence>58</sequence>
  <level>END</level>
  <class>com.kms.katalon.core.logging.XmlKeywordLogger</class>
  <method>endKeyword</method>
  <thread>1</thread>
  <message>End action : tap(findTestObject(\&amp;quot;Object Repository/Landing Page/android.widget.Button0 - MULAI\&amp;quot;), 10)</message>
  <nestedLevel>2</nestedLevel>
</record>
<record>
  <date>2019-09-02T20:24:34</date>
  <millis>1567430674980</millis>
  <sequence>59</sequence>
  <level>END</level>
  <class>com.kms.katalon.core.logging.XmlKeywordLogger</class>
  <method>endKeyword</method>
  <thread>1</thread>
  <message>End action : if (Landing_page == true)</message>
  <nestedLevel>1</nestedLevel>
</record>
<record>
  <date>2019-09-02T20:24:34</date>
  <millis>1567430674980</millis>
  <sequence>60</sequence>
  <level>START</level>
  <class>com.kms.katalon.core.logging.XmlKeywordLogger</class>
  <method>startKeyword</method>
  <thread>1</thread>
  <message>Start action : takeScreenshot()</message>
  <nestedLevel>1</nestedLevel>
  <property name="startLine">37</property>
  <property name="stepIndex">7</property>
</record>
<record>
  <date>2019-09-02T20:24:36</date>
  <millis>1567430676045</millis>
  <sequence>61</sequence>
  <level>PASSED</level>
  <class>com.kms.katalon.core.logging.XmlKeywordLogger</class>
  <method>logMessage</method>
  <thread>1</thread>
  <message>Screenshot is taken</message>
  <nestedLevel>1</nestedLevel>
  <property name="attachment">C:\\Users\\Meteor_PC\\Katalon Studio\\Alfamind\\Reports\\Login\\20190902_202318\\1567430674989.png</property>
</record>
<record>
  <date>2019-09-02T20:24:36</date>
  <millis>1567430676258</millis>
  <sequence>62</sequence>
  <level>END</level>
  <class>com.kms.katalon.core.logging.XmlKeywordLogger</class>
  <method>endKeyword</method>
  <thread>1</thread>
  <message>End action : takeScreenshot()</message>
  <nestedLevel>1</nestedLevel>
</record>
<record>
  <date>2019-09-02T20:24:36</date>
  <millis>1567430676258</millis>
  <sequence>63</sequence>
  <level>START</level>
  <class>com.kms.katalon.core.logging.XmlKeywordLogger</class>
  <method>startKeyword</method>
  <thread>1</thread>
  <message>Start action : waitForElementAttributeValue(findTestObject(\&amp;quot;Menu Bawah/Menu - Akun\&amp;quot;), \&amp;quot;text\&amp;quot;, \&amp;quot;Akun\&amp;quot;, 10)</message>
  <nestedLevel>1</nestedLevel>
  <property name="startLine">39</property>
  <property name="stepIndex">8</property>
</record>
<record>
  <date>2019-09-02T20:24:37</date>
  <millis>1567430677028</millis>
  <sequence>68</sequence>
  <level>PASSED</level>
  <class>com.kms.katalon.core.logging.XmlKeywordLogger</class>
  <method>logMessage</method>
  <thread>1</thread>
  <message>Object &amp;apos;Object Repository/Menu Bawah/Menu - Akun&amp;apos; has attribute &amp;apos;text&amp;apos; with value &amp;apos;Akun&amp;apos;</message>
  <nestedLevel>1</nestedLevel>
</record>
<record>
  <date>2019-09-02T20:24:37</date>
  <millis>1567430677030</millis>
  <sequence>69</sequence>
  <level>END</level>
  <class>com.kms.katalon.core.logging.XmlKeywordLogger</class>
  <method>endKeyword</method>
  <thread>1</thread>
  <message>End action : waitForElementAttributeValue(findTestObject(\&amp;quot;Menu Bawah/Menu - Akun\&amp;quot;), \&amp;quot;text\&amp;quot;, \&amp;quot;Akun\&amp;quot;, 10)</message>
  <nestedLevel>1</nestedLevel>
</record>
<record>
  <date>2019-09-02T20:24:37</date>
  <millis>1567430677031</millis>
  <sequence>70</sequence>
  <level>START</level>
  <class>com.kms.katalon.core.logging.XmlKeywordLogger</class>
  <method>startKeyword</method>
  <thread>1</thread>
  <message>Start action : tap(findTestObject(\&amp;quot;Menu Bawah/Menu - Akun\&amp;quot;), 10)</message>
  <nestedLevel>1</nestedLevel>
  <property name="startLine">41</property>
  <property name="stepIndex">9</property>
</record>
<record>
  <date>2019-09-02T20:24:38</date>
  <millis>1567430678543</millis>
  <sequence>74</sequence>
  <level>PASSED</level>
  <class>com.kms.katalon.core.logging.XmlKeywordLogger</class>
  <method>logMessage</method>
  <thread>1</thread>
  <message>Tapped on element &amp;apos;Object Repository/Menu Bawah/Menu - Akun&amp;apos;</message>
  <nestedLevel>1</nestedLevel>
</record>
<record>
  <date>2019-09-02T20:24:38</date>
  <millis>1567430678545</millis>
  <sequence>75</sequence>
  <level>END</level>
  <class>com.kms.katalon.core.logging.XmlKeywordLogger</class>
  <method>endKeyword</method>
  <thread>1</thread>
  <message>End action : tap(findTestObject(\&amp;quot;Menu Bawah/Menu - Akun\&amp;quot;), 10)</message>
  <nestedLevel>1</nestedLevel>
</record>
<record>
  <date>2019-09-02T20:24:38</date>
  <millis>1567430678545</millis>
  <sequence>76</sequence>
  <level>START</level>
  <class>com.kms.katalon.core.logging.XmlKeywordLogger</class>
  <method>startKeyword</method>
  <thread>1</thread>
  <message>Start action : takeScreenshot()</message>
  <nestedLevel>1</nestedLevel>
  <property name="startLine">43</property>
  <property name="stepIndex">10</property>
</record>
<record>
  <date>2019-09-02T20:24:39</date>
  <millis>1567430679272</millis>
  <sequence>77</sequence>
  <level>PASSED</level>
  <class>com.kms.katalon.core.logging.XmlKeywordLogger</class>
  <method>logMessage</method>
  <thread>1</thread>
  <message>Screenshot is taken</message>
  <nestedLevel>1</nestedLevel>
  <property name="attachment">C:\\Users\\Meteor_PC\\Katalon Studio\\Alfamind\\Reports\\Login\\20190902_202318\\1567430678552.png</property>
</record>
<record>
  <date>2019-09-02T20:24:39</date>
  <millis>1567430679471</millis>
  <sequence>78</sequence>
  <level>END</level>
  <class>com.kms.katalon.core.logging.XmlKeywordLogger</class>
  <method>endKeyword</method>
  <thread>1</thread>
  <message>End action : takeScreenshot()</message>
  <nestedLevel>1</nestedLevel>
</record>
<record>
  <date>2019-09-02T20:24:39</date>
  <millis>1567430679472</millis>
  <sequence>79</sequence>
  <level>START</level>
  <class>com.kms.katalon.core.logging.XmlKeywordLogger</class>
  <method>startKeyword</method>
  <thread>1</thread>
  <message>Start action : tap(findTestObject(\&amp;quot;Object Repository/LOGIN/Login Button\&amp;quot;), 10)</message>
  <nestedLevel>1</nestedLevel>
  <property name="startLine">45</property>
  <property name="stepIndex">11</property>
</record>
<record>
  <date>2019-09-02T20:24:41</date>
  <millis>1567430681890</millis>
  <sequence>83</sequence>
  <level>PASSED</level>
  <class>com.kms.katalon.core.logging.XmlKeywordLogger</class>
  <method>logMessage</method>
  <thread>1</thread>
  <message>Tapped on element &amp;apos;Object Repository/LOGIN/Login Button&amp;apos;</message>
  <nestedLevel>1</nestedLevel>
</record>
<record>
  <date>2019-09-02T20:24:41</date>
  <millis>1567430681891</millis>
  <sequence>84</sequence>
  <level>END</level>
  <class>com.kms.katalon.core.logging.XmlKeywordLogger</class>
  <method>endKeyword</method>
  <thread>1</thread>
  <message>End action : tap(findTestObject(\&amp;quot;Object Repository/LOGIN/Login Button\&amp;quot;), 10)</message>
  <nestedLevel>1</nestedLevel>
</record>
<record>
  <date>2019-09-02T20:24:41</date>
  <millis>1567430681892</millis>
  <sequence>85</sequence>
  <level>START</level>
  <class>com.kms.katalon.core.logging.XmlKeywordLogger</class>
  <method>startKeyword</method>
  <thread>1</thread>
  <message>Start action : takeScreenshot()</message>
  <nestedLevel>1</nestedLevel>
  <property name="startLine">47</property>
  <property name="stepIndex">12</property>
</record>
<record>
  <date>2019-09-02T20:24:42</date>
  <millis>1567430682797</millis>
  <sequence>86</sequence>
  <level>PASSED</level>
  <class>com.kms.katalon.core.logging.XmlKeywordLogger</class>
  <method>logMessage</method>
  <thread>1</thread>
  <message>Screenshot is taken</message>
  <nestedLevel>1</nestedLevel>
  <property name="attachment">C:\\Users\\Meteor_PC\\Katalon Studio\\Alfamind\\Reports\\Login\\20190902_202318\\1567430681900.png</property>
</record>
<record>
  <date>2019-09-02T20:24:43</date>
  <millis>1567430683012</millis>
  <sequence>87</sequence>
  <level>END</level>
  <class>com.kms.katalon.core.logging.XmlKeywordLogger</class>
  <method>endKeyword</method>
  <thread>1</thread>
  <message>End action : takeScreenshot()</message>
  <nestedLevel>1</nestedLevel>
</record>
<record>
  <date>2019-09-02T20:24:43</date>
  <millis>1567430683012</millis>
  <sequence>88</sequence>
  <level>START</level>
  <class>com.kms.katalon.core.logging.XmlKeywordLogger</class>
  <method>startKeyword</method>
  <thread>1</thread>
  <message>Start action : verifyElementAttributeValue(findTestObject(\&amp;quot;Object Repository/LOGIN/Response/Masukkan alamat email\&amp;quot;), \&amp;quot;text\&amp;quot;, \&amp;quot;Masukkan alamat email\&amp;quot;, 10)</message>
  <nestedLevel>1</nestedLevel>
  <property name="startLine">49</property>
  <property name="stepIndex">13</property>
</record>
<record>
  <date>2019-09-02T20:24:43</date>
  <millis>1567430683281</millis>
  <sequence>93</sequence>
  <level>WARNING</level>
  <class>com.kms.katalon.core.logging.XmlKeywordLogger</class>
  <method>logMessage</method>
  <thread>1</thread>
  <message>Element &amp;apos;Object Repository/LOGIN/Response/Masukkan alamat email&amp;apos; not found</message>
  <nestedLevel>1</nestedLevel>
</record>
<record>
  <date>2019-09-02T20:24:43</date>
  <millis>1567430683282</millis>
  <sequence>94</sequence>
  <level>END</level>
  <class>com.kms.katalon.core.logging.XmlKeywordLogger</class>
  <method>endKeyword</method>
  <thread>1</thread>
  <message>End action : verifyElementAttributeValue(findTestObject(\&amp;quot;Object Repository/LOGIN/Response/Masukkan alamat email\&amp;quot;), \&amp;quot;text\&amp;quot;, \&amp;quot;Masukkan alamat email\&amp;quot;, 10)</message>
  <nestedLevel>1</nestedLevel>
</record>
<record>
  <date>2019-09-02T20:24:43</date>
  <millis>1567430683283</millis>
  <sequence>95</sequence>
  <level>START</level>
  <class>com.kms.katalon.core.logging.XmlKeywordLogger</class>
  <method>startKeyword</method>
  <thread>1</thread>
  <message>Start action : takeScreenshot()</message>
  <nestedLevel>1</nestedLevel>
  <property name="startLine">51</property>
  <property name="stepIndex">14</property>
</record>
<record>
  <date>2019-09-02T20:24:44</date>
  <millis>1567430684177</millis>
  <sequence>96</sequence>
  <level>PASSED</level>
  <class>com.kms.katalon.core.logging.XmlKeywordLogger</class>
  <method>logMessage</method>
  <thread>1</thread>
  <message>Screenshot is taken</message>
  <nestedLevel>1</nestedLevel>
  <property name="attachment">C:\\Users\\Meteor_PC\\Katalon Studio\\Alfamind\\Reports\\Login\\20190902_202318\\1567430683291.png</property>
</record>
<record>
  <date>2019-09-02T20:24:44</date>
  <millis>1567430684389</millis>
  <sequence>97</sequence>
  <level>END</level>
  <class>com.kms.katalon.core.logging.XmlKeywordLogger</class>
  <method>endKeyword</method>
  <thread>1</thread>
  <message>End action : takeScreenshot()</message>
  <nestedLevel>1</nestedLevel>
</record>
<record>
  <date>2019-09-02T20:24:44</date>
  <millis>1567430684390</millis>
  <sequence>98</sequence>
  <level>START</level>
  <class>com.kms.katalon.core.logging.XmlKeywordLogger</class>
  <method>startKeyword</method>
  <thread>1</thread>
  <message>Start action : closeApplication()</message>
  <nestedLevel>1</nestedLevel>
  <property name="startLine">53</property>
  <property name="stepIndex">15</property>
</record>
<record>
  <date>2019-09-02T20:24:46</date>
  <millis>1567430686312</millis>
  <sequence>99</sequence>
  <level>PASSED</level>
  <class>com.kms.katalon.core.logging.XmlKeywordLogger</class>
  <method>logMessage</method>
  <thread>1</thread>
  <message>Close app successfully</message>
  <nestedLevel>1</nestedLevel>
</record>
<record>
  <date>2019-09-02T20:24:46</date>
  <millis>1567430686313</millis>
  <sequence>100</sequence>
  <level>END</level>
  <class>com.kms.katalon.core.logging.XmlKeywordLogger</class>
  <method>endKeyword</method>
  <thread>1</thread>
  <message>End action : closeApplication()</message>
  <nestedLevel>1</nestedLevel>
</record>
<record>
  <date>2019-09-02T20:24:46</date>
  <millis>1567430686314</millis>
  <sequence>101</sequence>
  <level>PASSED</level>
  <class>com.kms.katalon.core.logging.XmlKeywordLogger</class>
  <method>logMessage</method>
  <thread>1</thread>
  <message>Test Cases/Login/login-field email null</message>
  <nestedLevel>1</nestedLevel>
</record>
<record>
  <date>2019-09-02T20:24:46</date>
  <millis>1567430686316</millis>
  <sequence>102</sequence>
  <level>END</level>
  <class>com.kms.katalon.core.logging.XmlKeywordLogger</class>
  <method>endTest</method>
  <thread>1</thread>
  <message>End Test Case : Test Cases/Login/login-field email null</message>
  <nestedLevel>0</nestedLevel>
</record>
<record>
  <date>2019-09-02T20:24:46</date>
  <millis>1567430686350</millis>
  <sequence>103</sequence>
  <level>START</level>
  <class>com.kms.katalon.core.logging.XmlKeywordLogger</class>
  <method>startTest</method>
  <thread>1</thread>
  <message>Start Test Case : Test Cases/Login/Login-invalid email</message>
  <nestedLevel>1</nestedLevel>
  <property name="name">Test Cases/Login/Login-invalid email</property>
  <property name="description"></property>
  <property name="id">Test Cases/Login/Login-invalid email</property>
  <property name="source">C:\\Users\\Meteor_PC\\Katalon Studio\\Alfamind\\Test Cases\\Login\\Login-invalid email.tc</property>
  <property name="tag"></property>
  <property name="isOptional">false</property>
</record>
<record>
  <date>2019-09-02T20:24:47</date>
  <millis>1567430687101</millis>
  <sequence>105</sequence>
  <level>START</level>
  <class>com.kms.katalon.core.logging.XmlKeywordLogger</class>
  <method>startKeyword</method>
  <thread>1</thread>
  <message>Start action : startApplication(ApkFile, false)</message>
  <nestedLevel>1</nestedLevel>
  <property name="startLine">18</property>
  <property name="stepIndex">1</property>
</record>
<record>
  <date>2019-09-02T20:25:00</date>
  <millis>1567430700932</millis>
  <sequence>107</sequence>
  <level>INFO</level>
  <class>com.kms.katalon.core.logging.XmlKeywordLogger</class>
  <method>logMessage</method>
  <thread>1</thread>
  <message>Appium server started on port 10.403</message>
  <nestedLevel>1</nestedLevel>
</record>
<record>
  <date>2019-09-02T20:25:34</date>
  <millis>1567430734274</millis>
  <sequence>109</sequence>
  <level>RUN_DATA</level>
  <class>com.kms.katalon.core.logging.XmlKeywordLogger</class>
  <method>logMessage</method>
  <thread>1</thread>
  <message>appiumVersion = 1.8.1</message>
  <nestedLevel>1</nestedLevel>
  <property name="appiumVersion">1.8.1</property>
</record>
<record>
  <date>2019-09-02T20:25:34</date>
  <millis>1567430734301</millis>
  <sequence>110</sequence>
  <level>RUN_DATA</level>
  <class>com.kms.katalon.core.logging.XmlKeywordLogger</class>
  <method>logMessage</method>
  <thread>1</thread>
  <message>deviceId = ZDDAE6LZQKTKW4BI</message>
  <nestedLevel>1</nestedLevel>
  <property name="deviceId">ZDDAE6LZQKTKW4BI</property>
</record>
<record>
  <date>2019-09-02T20:25:34</date>
  <millis>1567430734302</millis>
  <sequence>111</sequence>
  <level>RUN_DATA</level>
  <class>com.kms.katalon.core.logging.XmlKeywordLogger</class>
  <method>logMessage</method>
  <thread>1</thread>
  <message>deviceName = vivo vivo 1802 (Android 8.1.0)</message>
  <nestedLevel>1</nestedLevel>
  <property name="deviceName">vivo vivo 1802 (Android 8.1.0)</property>
</record>
<record>
  <date>2019-09-02T20:25:34</date>
  <millis>1567430734304</millis>
  <sequence>112</sequence>
  <level>RUN_DATA</level>
  <class>com.kms.katalon.core.logging.XmlKeywordLogger</class>
  <method>logMessage</method>
  <thread>1</thread>
  <message>deviceModel = vivo 1802</message>
  <nestedLevel>1</nestedLevel>
  <property name="deviceModel">vivo 1802</property>
</record>
<record>
  <date>2019-09-02T20:25:34</date>
  <millis>1567430734305</millis>
  <sequence>113</sequence>
  <level>RUN_DATA</level>
  <class>com.kms.katalon.core.logging.XmlKeywordLogger</class>
  <method>logMessage</method>
  <thread>1</thread>
  <message>deviceManufacturer = vivo</message>
  <nestedLevel>1</nestedLevel>
  <property name="deviceManufacturer">vivo</property>
</record>
<record>
  <date>2019-09-02T20:25:34</date>
  <millis>1567430734306</millis>
  <sequence>114</sequence>
  <level>RUN_DATA</level>
  <class>com.kms.katalon.core.logging.XmlKeywordLogger</class>
  <method>logMessage</method>
  <thread>1</thread>
  <message>deviceOS = Android</message>
  <nestedLevel>1</nestedLevel>
  <property name="deviceOS">Android</property>
</record>
<record>
  <date>2019-09-02T20:25:34</date>
  <millis>1567430734307</millis>
  <sequence>115</sequence>
  <level>RUN_DATA</level>
  <class>com.kms.katalon.core.logging.XmlKeywordLogger</class>
  <method>logMessage</method>
  <thread>1</thread>
  <message>deviceOSVersion = 8.1.0</message>
  <nestedLevel>1</nestedLevel>
  <property name="deviceOSVersion">8.1.0</property>
</record>
<record>
  <date>2019-09-02T20:25:34</date>
  <millis>1567430734312</millis>
  <sequence>116</sequence>
  <level>PASSED</level>
  <class>com.kms.katalon.core.logging.XmlKeywordLogger</class>
  <method>logMessage</method>
  <thread>1</thread>
  <message>Started app at: &amp;apos;C:\\Users\\Meteor_PC\\Downloads\\Alfamind_debug - env_dev_v2 - 020919.apk&amp;apos;</message>
  <nestedLevel>1</nestedLevel>
</record>
<record>
  <date>2019-09-02T20:25:34</date>
  <millis>1567430734314</millis>
  <sequence>117</sequence>
  <level>END</level>
  <class>com.kms.katalon.core.logging.XmlKeywordLogger</class>
  <method>endKeyword</method>
  <thread>1</thread>
  <message>End action : startApplication(ApkFile, false)</message>
  <nestedLevel>1</nestedLevel>
</record>
<record>
  <date>2019-09-02T20:25:34</date>
  <millis>1567430734315</millis>
  <sequence>118</sequence>
  <level>START</level>
  <class>com.kms.katalon.core.logging.XmlKeywordLogger</class>
  <method>startKeyword</method>
  <thread>1</thread>
  <message>Start action : delay(3)</message>
  <nestedLevel>1</nestedLevel>
  <property name="startLine">20</property>
  <property name="stepIndex">2</property>
</record>
<record>
  <date>2019-09-02T20:25:37</date>
  <millis>1567430737322</millis>
  <sequence>120</sequence>
  <level>PASSED</level>
  <class>com.kms.katalon.core.logging.XmlKeywordLogger</class>
  <method>logMessage</method>
  <thread>1</thread>
  <message>Delayed 3 second(s)</message>
  <nestedLevel>1</nestedLevel>
</record>
<record>
  <date>2019-09-02T20:25:37</date>
  <millis>1567430737323</millis>
  <sequence>121</sequence>
  <level>END</level>
  <class>com.kms.katalon.core.logging.XmlKeywordLogger</class>
  <method>endKeyword</method>
  <thread>1</thread>
  <message>End action : delay(3)</message>
  <nestedLevel>1</nestedLevel>
</record>
<record>
  <date>2019-09-02T20:25:37</date>
  <millis>1567430737324</millis>
  <sequence>122</sequence>
  <level>START</level>
  <class>com.kms.katalon.core.logging.XmlKeywordLogger</class>
  <method>startKeyword</method>
  <thread>1</thread>
  <message>Start action : takeScreenshot()</message>
  <nestedLevel>1</nestedLevel>
  <property name="startLine">22</property>
  <property name="stepIndex">3</property>
</record>
<record>
  <date>2019-09-02T20:25:38</date>
  <millis>1567430738416</millis>
  <sequence>123</sequence>
  <level>PASSED</level>
  <class>com.kms.katalon.core.logging.XmlKeywordLogger</class>
  <method>logMessage</method>
  <thread>1</thread>
  <message>Screenshot is taken</message>
  <nestedLevel>1</nestedLevel>
  <property name="attachment">C:\\Users\\Meteor_PC\\Katalon Studio\\Alfamind\\Reports\\Login\\20190902_202318\\1567430737332.png</property>
</record>
<record>
  <date>2019-09-02T20:25:38</date>
  <millis>1567430738634</millis>
  <sequence>124</sequence>
  <level>END</level>
  <class>com.kms.katalon.core.logging.XmlKeywordLogger</class>
  <method>endKeyword</method>
  <thread>1</thread>
  <message>End action : takeScreenshot()</message>
  <nestedLevel>1</nestedLevel>
</record>
<record>
  <date>2019-09-02T20:25:38</date>
  <millis>1567430738634</millis>
  <sequence>125</sequence>
  <level>START</level>
  <class>com.kms.katalon.core.logging.XmlKeywordLogger</class>
  <method>startKeyword</method>
  <thread>1</thread>
  <message>Start action : punya_toko = getText(findTestObject(\&amp;quot;Object Repository/Landing Page/android.widget.TextView0 - Punya Toko Sendiri Dengan Modal Minim\&amp;quot;), 10, OPTIONAL)</message>
  <nestedLevel>1</nestedLevel>
  <property name="startLine">24</property>
  <property name="stepIndex">4</property>
</record>
<record>
  <date>2019-09-02T20:25:50</date>
  <millis>1567430750375</millis>
  <sequence>129</sequence>
  <level>WARNING</level>
  <class>com.kms.katalon.core.logging.XmlKeywordLogger</class>
  <method>logMessage</method>
  <thread>1</thread>
  <message>Object Object Repository/Landing Page/android.widget.TextView0 - Punya Toko Sendiri Dengan Modal Minim not found</message>
  <nestedLevel>1</nestedLevel>
  <property name="attachment">1567430748785.png</property>
</record>
<record>
  <date>2019-09-02T20:25:50</date>
  <millis>1567430750376</millis>
  <sequence>130</sequence>
  <level>END</level>
  <class>com.kms.katalon.core.logging.XmlKeywordLogger</class>
  <method>endKeyword</method>
  <thread>1</thread>
  <message>End action : punya_toko = getText(findTestObject(\&amp;quot;Object Repository/Landing Page/android.widget.TextView0 - Punya Toko Sendiri Dengan Modal Minim\&amp;quot;), 10, OPTIONAL)</message>
  <nestedLevel>1</nestedLevel>
</record>
<record>
  <date>2019-09-02T20:25:50</date>
  <millis>1567430750377</millis>
  <sequence>131</sequence>
  <level>START</level>
  <class>com.kms.katalon.core.logging.XmlKeywordLogger</class>
  <method>startKeyword</method>
  <thread>1</thread>
  <message>Start action : Landing_page = verifyElementAttributeValue(findTestObject(\&amp;quot;Object Repository/Landing Page/android.widget.TextView0 - Punya Toko Sendiri Dengan Modal Minim\&amp;quot;), \&amp;quot;text\&amp;quot;, punya_toko, 10, OPTIONAL)</message>
  <nestedLevel>1</nestedLevel>
  <property name="startLine">27</property>
  <property name="stepIndex">5</property>
</record>
<record>
  <date>2019-09-02T20:25:50</date>
  <millis>1567430750789</millis>
  <sequence>136</sequence>
  <level>WARNING</level>
  <class>com.kms.katalon.core.logging.XmlKeywordLogger</class>
  <method>logMessage</method>
  <thread>1</thread>
  <message>Element &amp;apos;Object Repository/Landing Page/android.widget.TextView0 - Punya Toko Sendiri Dengan Modal Minim&amp;apos; not found</message>
  <nestedLevel>1</nestedLevel>
</record>
<record>
  <date>2019-09-02T20:25:50</date>
  <millis>1567430750791</millis>
  <sequence>137</sequence>
  <level>END</level>
  <class>com.kms.katalon.core.logging.XmlKeywordLogger</class>
  <method>endKeyword</method>
  <thread>1</thread>
  <message>End action : Landing_page = verifyElementAttributeValue(findTestObject(\&amp;quot;Object Repository/Landing Page/android.widget.TextView0 - Punya Toko Sendiri Dengan Modal Minim\&amp;quot;), \&amp;quot;text\&amp;quot;, punya_toko, 10, OPTIONAL)</message>
  <nestedLevel>1</nestedLevel>
</record>
<record>
  <date>2019-09-02T20:25:50</date>
  <millis>1567430750792</millis>
  <sequence>138</sequence>
  <level>START</level>
  <class>com.kms.katalon.core.logging.XmlKeywordLogger</class>
  <method>startKeyword</method>
  <thread>1</thread>
  <message>Start action : if (Landing_page == true)</message>
  <nestedLevel>1</nestedLevel>
  <property name="startLine">30</property>
  <property name="stepIndex">6</property>
</record>
<record>
  <date>2019-09-02T20:25:50</date>
  <millis>1567430750793</millis>
  <sequence>139</sequence>
  <level>END</level>
  <class>com.kms.katalon.core.logging.XmlKeywordLogger</class>
  <method>endKeyword</method>
  <thread>1</thread>
  <message>End action : if (Landing_page == true)</message>
  <nestedLevel>1</nestedLevel>
</record>
<record>
  <date>2019-09-02T20:25:50</date>
  <millis>1567430750795</millis>
  <sequence>140</sequence>
  <level>START</level>
  <class>com.kms.katalon.core.logging.XmlKeywordLogger</class>
  <method>startKeyword</method>
  <thread>1</thread>
  <message>Start action : takeScreenshot()</message>
  <nestedLevel>1</nestedLevel>
  <property name="startLine">39</property>
  <property name="stepIndex">7</property>
</record>
<record>
  <date>2019-09-02T20:25:52</date>
  <millis>1567430752028</millis>
  <sequence>141</sequence>
  <level>PASSED</level>
  <class>com.kms.katalon.core.logging.XmlKeywordLogger</class>
  <method>logMessage</method>
  <thread>1</thread>
  <message>Screenshot is taken</message>
  <nestedLevel>1</nestedLevel>
  <property name="attachment">C:\\Users\\Meteor_PC\\Katalon Studio\\Alfamind\\Reports\\Login\\20190902_202318\\1567430750813.png</property>
</record>
<record>
  <date>2019-09-02T20:25:52</date>
  <millis>1567430752208</millis>
  <sequence>142</sequence>
  <level>END</level>
  <class>com.kms.katalon.core.logging.XmlKeywordLogger</class>
  <method>endKeyword</method>
  <thread>1</thread>
  <message>End action : takeScreenshot()</message>
  <nestedLevel>1</nestedLevel>
</record>
<record>
  <date>2019-09-02T20:25:52</date>
  <millis>1567430752208</millis>
  <sequence>143</sequence>
  <level>START</level>
  <class>com.kms.katalon.core.logging.XmlKeywordLogger</class>
  <method>startKeyword</method>
  <thread>1</thread>
  <message>Start action : waitForElementAttributeValue(findTestObject(\&amp;quot;Menu Bawah/Menu - Akun\&amp;quot;), \&amp;quot;text\&amp;quot;, \&amp;quot;Akun\&amp;quot;, 10)</message>
  <nestedLevel>1</nestedLevel>
  <property name="startLine">41</property>
  <property name="stepIndex">8</property>
</record>
<record>
  <date>2019-09-02T20:25:53</date>
  <millis>1567430753453</millis>
  <sequence>148</sequence>
  <level>PASSED</level>
  <class>com.kms.katalon.core.logging.XmlKeywordLogger</class>
  <method>logMessage</method>
  <thread>1</thread>
  <message>Object &amp;apos;Object Repository/Menu Bawah/Menu - Akun&amp;apos; has attribute &amp;apos;text&amp;apos; with value &amp;apos;Akun&amp;apos;</message>
  <nestedLevel>1</nestedLevel>
</record>
<record>
  <date>2019-09-02T20:25:53</date>
  <millis>1567430753455</millis>
  <sequence>149</sequence>
  <level>END</level>
  <class>com.kms.katalon.core.logging.XmlKeywordLogger</class>
  <method>endKeyword</method>
  <thread>1</thread>
  <message>End action : waitForElementAttributeValue(findTestObject(\&amp;quot;Menu Bawah/Menu - Akun\&amp;quot;), \&amp;quot;text\&amp;quot;, \&amp;quot;Akun\&amp;quot;, 10)</message>
  <nestedLevel>1</nestedLevel>
</record>
<record>
  <date>2019-09-02T20:25:53</date>
  <millis>1567430753456</millis>
  <sequence>150</sequence>
  <level>START</level>
  <class>com.kms.katalon.core.logging.XmlKeywordLogger</class>
  <method>startKeyword</method>
  <thread>1</thread>
  <message>Start action : tap(findTestObject(\&amp;quot;Menu Bawah/Menu - Akun\&amp;quot;), 10)</message>
  <nestedLevel>1</nestedLevel>
  <property name="startLine">43</property>
  <property name="stepIndex">9</property>
</record>
<record>
  <date>2019-09-02T20:25:55</date>
  <millis>1567430755695</millis>
  <sequence>154</sequence>
  <level>PASSED</level>
  <class>com.kms.katalon.core.logging.XmlKeywordLogger</class>
  <method>logMessage</method>
  <thread>1</thread>
  <message>Tapped on element &amp;apos;Object Repository/Menu Bawah/Menu - Akun&amp;apos;</message>
  <nestedLevel>1</nestedLevel>
</record>
<record>
  <date>2019-09-02T20:25:55</date>
  <millis>1567430755696</millis>
  <sequence>155</sequence>
  <level>END</level>
  <class>com.kms.katalon.core.logging.XmlKeywordLogger</class>
  <method>endKeyword</method>
  <thread>1</thread>
  <message>End action : tap(findTestObject(\&amp;quot;Menu Bawah/Menu - Akun\&amp;quot;), 10)</message>
  <nestedLevel>1</nestedLevel>
</record>
<record>
  <date>2019-09-02T20:25:55</date>
  <millis>1567430755697</millis>
  <sequence>156</sequence>
  <level>START</level>
  <class>com.kms.katalon.core.logging.XmlKeywordLogger</class>
  <method>startKeyword</method>
  <thread>1</thread>
  <message>Start action : takeScreenshot()</message>
  <nestedLevel>1</nestedLevel>
  <property name="startLine">45</property>
  <property name="stepIndex">10</property>
</record>
<record>
  <date>2019-09-02T20:25:56</date>
  <millis>1567430756668</millis>
  <sequence>157</sequence>
  <level>PASSED</level>
  <class>com.kms.katalon.core.logging.XmlKeywordLogger</class>
  <method>logMessage</method>
  <thread>1</thread>
  <message>Screenshot is taken</message>
  <nestedLevel>1</nestedLevel>
  <property name="attachment">C:\\Users\\Meteor_PC\\Katalon Studio\\Alfamind\\Reports\\Login\\20190902_202318\\1567430755707.png</property>
</record>
<record>
  <date>2019-09-02T20:25:56</date>
  <millis>1567430756892</millis>
  <sequence>158</sequence>
  <level>END</level>
  <class>com.kms.katalon.core.logging.XmlKeywordLogger</class>
  <method>endKeyword</method>
  <thread>1</thread>
  <message>End action : takeScreenshot()</message>
  <nestedLevel>1</nestedLevel>
</record>
<record>
  <date>2019-09-02T20:25:56</date>
  <millis>1567430756892</millis>
  <sequence>159</sequence>
  <level>START</level>
  <class>com.kms.katalon.core.logging.XmlKeywordLogger</class>
  <method>startKeyword</method>
  <thread>1</thread>
  <message>Start action : setText(findTestObject(\&amp;quot;Object Repository/LOGIN/android.widget.EditText0 - Username or email address\&amp;quot;), \&amp;quot;asjjj\&amp;quot;, 10)</message>
  <nestedLevel>1</nestedLevel>
  <property name="startLine">47</property>
  <property name="stepIndex">11</property>
</record>
<record>
  <date>2019-09-02T20:25:58</date>
  <millis>1567430758942</millis>
  <sequence>163</sequence>
  <level>PASSED</level>
  <class>com.kms.katalon.core.logging.XmlKeywordLogger</class>
  <method>logMessage</method>
  <thread>1</thread>
  <message>Text &amp;apos;asjjj&amp;apos; has been set to element &amp;apos;Object Repository/LOGIN/android.widget.EditText0 - Username or email address&amp;apos;</message>
  <nestedLevel>1</nestedLevel>
</record>
<record>
  <date>2019-09-02T20:25:58</date>
  <millis>1567430758944</millis>
  <sequence>164</sequence>
  <level>END</level>
  <class>com.kms.katalon.core.logging.XmlKeywordLogger</class>
  <method>endKeyword</method>
  <thread>1</thread>
  <message>End action : setText(findTestObject(\&amp;quot;Object Repository/LOGIN/android.widget.EditText0 - Username or email address\&amp;quot;), \&amp;quot;asjjj\&amp;quot;, 10)</message>
  <nestedLevel>1</nestedLevel>
</record>
<record>
  <date>2019-09-02T20:25:58</date>
  <millis>1567430758945</millis>
  <sequence>165</sequence>
  <level>START</level>
  <class>com.kms.katalon.core.logging.XmlKeywordLogger</class>
  <method>startKeyword</method>
  <thread>1</thread>
  <message>Start action : setText(findTestObject(\&amp;quot;Object Repository/LOGIN/android.widget.EditText1 - Password\&amp;quot;), \&amp;quot;121333\&amp;quot;, 10)</message>
  <nestedLevel>1</nestedLevel>
  <property name="startLine">50</property>
  <property name="stepIndex">12</property>
</record>
<record>
  <date>2019-09-02T20:26:01</date>
  <millis>1567430761274</millis>
  <sequence>169</sequence>
  <level>PASSED</level>
  <class>com.kms.katalon.core.logging.XmlKeywordLogger</class>
  <method>logMessage</method>
  <thread>1</thread>
  <message>Text &amp;apos;121333&amp;apos; has been set to element &amp;apos;Object Repository/LOGIN/android.widget.EditText1 - Password&amp;apos;</message>
  <nestedLevel>1</nestedLevel>
</record>
<record>
  <date>2019-09-02T20:26:01</date>
  <millis>1567430761275</millis>
  <sequence>170</sequence>
  <level>END</level>
  <class>com.kms.katalon.core.logging.XmlKeywordLogger</class>
  <method>endKeyword</method>
  <thread>1</thread>
  <message>End action : setText(findTestObject(\&amp;quot;Object Repository/LOGIN/android.widget.EditText1 - Password\&amp;quot;), \&amp;quot;121333\&amp;quot;, 10)</message>
  <nestedLevel>1</nestedLevel>
</record>
<record>
  <date>2019-09-02T20:26:01</date>
  <millis>1567430761276</millis>
  <sequence>171</sequence>
  <level>START</level>
  <class>com.kms.katalon.core.logging.XmlKeywordLogger</class>
  <method>startKeyword</method>
  <thread>1</thread>
  <message>Start action : takeScreenshot()</message>
  <nestedLevel>1</nestedLevel>
  <property name="startLine">52</property>
  <property name="stepIndex">13</property>
</record>
<record>
  <date>2019-09-02T20:26:02</date>
  <millis>1567430762246</millis>
  <sequence>172</sequence>
  <level>PASSED</level>
  <class>com.kms.katalon.core.logging.XmlKeywordLogger</class>
  <method>logMessage</method>
  <thread>1</thread>
  <message>Screenshot is taken</message>
  <nestedLevel>1</nestedLevel>
  <property name="attachment">C:\\Users\\Meteor_PC\\Katalon Studio\\Alfamind\\Reports\\Login\\20190902_202318\\1567430761283.png</property>
</record>
<record>
  <date>2019-09-02T20:26:02</date>
  <millis>1567430762451</millis>
  <sequence>173</sequence>
  <level>END</level>
  <class>com.kms.katalon.core.logging.XmlKeywordLogger</class>
  <method>endKeyword</method>
  <thread>1</thread>
  <message>End action : takeScreenshot()</message>
  <nestedLevel>1</nestedLevel>
</record>
<record>
  <date>2019-09-02T20:26:02</date>
  <millis>1567430762452</millis>
  <sequence>174</sequence>
  <level>START</level>
  <class>com.kms.katalon.core.logging.XmlKeywordLogger</class>
  <method>startKeyword</method>
  <thread>1</thread>
  <message>Start action : tap(findTestObject(\&amp;quot;Object Repository/LOGIN/Login Button\&amp;quot;), 10)</message>
  <nestedLevel>1</nestedLevel>
  <property name="startLine">54</property>
  <property name="stepIndex">14</property>
</record>
<record>
  <date>2019-09-02T20:26:04</date>
  <millis>1567430764065</millis>
  <sequence>178</sequence>
  <level>PASSED</level>
  <class>com.kms.katalon.core.logging.XmlKeywordLogger</class>
  <method>logMessage</method>
  <thread>1</thread>
  <message>Tapped on element &amp;apos;Object Repository/LOGIN/Login Button&amp;apos;</message>
  <nestedLevel>1</nestedLevel>
</record>
<record>
  <date>2019-09-02T20:26:04</date>
  <millis>1567430764066</millis>
  <sequence>179</sequence>
  <level>END</level>
  <class>com.kms.katalon.core.logging.XmlKeywordLogger</class>
  <method>endKeyword</method>
  <thread>1</thread>
  <message>End action : tap(findTestObject(\&amp;quot;Object Repository/LOGIN/Login Button\&amp;quot;), 10)</message>
  <nestedLevel>1</nestedLevel>
</record>
<record>
  <date>2019-09-02T20:26:04</date>
  <millis>1567430764066</millis>
  <sequence>180</sequence>
  <level>START</level>
  <class>com.kms.katalon.core.logging.XmlKeywordLogger</class>
  <method>startKeyword</method>
  <thread>1</thread>
  <message>Start action : verifyElementAttributeValue(findTestObject(\&amp;quot;Object Repository/LOGIN/Response/Masukkan alamat email yang benar\&amp;quot;), \&amp;quot;text\&amp;quot;, \&amp;quot;Masukkan alamat email yang benar\&amp;quot;, 10)</message>
  <nestedLevel>1</nestedLevel>
  <property name="startLine">56</property>
  <property name="stepIndex">15</property>
</record>
<record>
  <date>2019-09-02T20:26:04</date>
  <millis>1567430764346</millis>
  <sequence>185</sequence>
  <level>WARNING</level>
  <class>com.kms.katalon.core.logging.XmlKeywordLogger</class>
  <method>logMessage</method>
  <thread>1</thread>
  <message>Element &amp;apos;Object Repository/LOGIN/Response/Masukkan alamat email yang benar&amp;apos; not found</message>
  <nestedLevel>1</nestedLevel>
</record>
<record>
  <date>2019-09-02T20:26:04</date>
  <millis>1567430764348</millis>
  <sequence>186</sequence>
  <level>END</level>
  <class>com.kms.katalon.core.logging.XmlKeywordLogger</class>
  <method>endKeyword</method>
  <thread>1</thread>
  <message>End action : verifyElementAttributeValue(findTestObject(\&amp;quot;Object Repository/LOGIN/Response/Masukkan alamat email yang benar\&amp;quot;), \&amp;quot;text\&amp;quot;, \&amp;quot;Masukkan alamat email yang benar\&amp;quot;, 10)</message>
  <nestedLevel>1</nestedLevel>
</record>
<record>
  <date>2019-09-02T20:26:04</date>
  <millis>1567430764348</millis>
  <sequence>187</sequence>
  <level>START</level>
  <class>com.kms.katalon.core.logging.XmlKeywordLogger</class>
  <method>startKeyword</method>
  <thread>1</thread>
  <message>Start action : takeScreenshot()</message>
  <nestedLevel>1</nestedLevel>
  <property name="startLine">58</property>
  <property name="stepIndex">16</property>
</record>
<record>
  <date>2019-09-02T20:26:05</date>
  <millis>1567430765317</millis>
  <sequence>188</sequence>
  <level>PASSED</level>
  <class>com.kms.katalon.core.logging.XmlKeywordLogger</class>
  <method>logMessage</method>
  <thread>1</thread>
  <message>Screenshot is taken</message>
  <nestedLevel>1</nestedLevel>
  <property name="attachment">C:\\Users\\Meteor_PC\\Katalon Studio\\Alfamind\\Reports\\Login\\20190902_202318\\1567430764355.png</property>
</record>
<record>
  <date>2019-09-02T20:26:05</date>
  <millis>1567430765492</millis>
  <sequence>189</sequence>
  <level>END</level>
  <class>com.kms.katalon.core.logging.XmlKeywordLogger</class>
  <method>endKeyword</method>
  <thread>1</thread>
  <message>End action : takeScreenshot()</message>
  <nestedLevel>1</nestedLevel>
</record>
<record>
  <date>2019-09-02T20:26:05</date>
  <millis>1567430765493</millis>
  <sequence>190</sequence>
  <level>START</level>
  <class>com.kms.katalon.core.logging.XmlKeywordLogger</class>
  <method>startKeyword</method>
  <thread>1</thread>
  <message>Start action : closeApplication()</message>
  <nestedLevel>1</nestedLevel>
  <property name="startLine">60</property>
  <property name="stepIndex">17</property>
</record>
<record>
  <date>2019-09-02T20:26:06</date>
  <millis>1567430766019</millis>
  <sequence>191</sequence>
  <level>PASSED</level>
  <class>com.kms.katalon.core.logging.XmlKeywordLogger</class>
  <method>logMessage</method>
  <thread>1</thread>
  <message>Close app successfully</message>
  <nestedLevel>1</nestedLevel>
</record>
<record>
  <date>2019-09-02T20:26:06</date>
  <millis>1567430766019</millis>
  <sequence>192</sequence>
  <level>END</level>
  <class>com.kms.katalon.core.logging.XmlKeywordLogger</class>
  <method>endKeyword</method>
  <thread>1</thread>
  <message>End action : closeApplication()</message>
  <nestedLevel>1</nestedLevel>
</record>
<record>
  <date>2019-09-02T20:26:06</date>
  <millis>1567430766020</millis>
  <sequence>193</sequence>
  <level>PASSED</level>
  <class>com.kms.katalon.core.logging.XmlKeywordLogger</class>
  <method>logMessage</method>
  <thread>1</thread>
  <message>Test Cases/Login/Login-invalid email</message>
  <nestedLevel>1</nestedLevel>
</record>
<record>
  <date>2019-09-02T20:26:06</date>
  <millis>1567430766021</millis>
  <sequence>194</sequence>
  <level>END</level>
  <class>com.kms.katalon.core.logging.XmlKeywordLogger</class>
  <method>endTest</method>
  <thread>1</thread>
  <message>End Test Case : Test Cases/Login/Login-invalid email</message>
  <nestedLevel>0</nestedLevel>
</record>
<record>
  <date>2019-09-02T20:26:06</date>
  <millis>1567430766031</millis>
  <sequence>195</sequence>
  <level>START</level>
  <class>com.kms.katalon.core.logging.XmlKeywordLogger</class>
  <method>startTest</method>
  <thread>1</thread>
  <message>Start Test Case : Test Cases/Login/Login success</message>
  <nestedLevel>1</nestedLevel>
  <property name="name">Test Cases/Login/Login success</property>
  <property name="description"></property>
  <property name="id">Test Cases/Login/Login success</property>
  <property name="source">C:\\Users\\Meteor_PC\\Katalon Studio\\Alfamind\\Test Cases\\Login\\Login success.tc</property>
  <property name="tag"></property>
  <property name="isOptional">false</property>
</record>
<record>
  <date>2019-09-02T20:26:06</date>
  <millis>1567430766788</millis>
  <sequence>197</sequence>
  <level>START</level>
  <class>com.kms.katalon.core.logging.XmlKeywordLogger</class>
  <method>startKeyword</method>
  <thread>1</thread>
  <message>Start action : startApplication(ApkFile, false)</message>
  <nestedLevel>1</nestedLevel>
  <property name="startLine">18</property>
  <property name="stepIndex">1</property>
</record>
<record>
  <date>2019-09-02T20:26:19</date>
  <millis>1567430779723</millis>
  <sequence>199</sequence>
  <level>INFO</level>
  <class>com.kms.katalon.core.logging.XmlKeywordLogger</class>
  <method>logMessage</method>
  <thread>1</thread>
  <message>Appium server started on port 10.732</message>
  <nestedLevel>1</nestedLevel>
</record>
<record>
  <date>2019-09-02T20:26:54</date>
  <millis>1567430814685</millis>
  <sequence>201</sequence>
  <level>RUN_DATA</level>
  <class>com.kms.katalon.core.logging.XmlKeywordLogger</class>
  <method>logMessage</method>
  <thread>1</thread>
  <message>appiumVersion = 1.8.1</message>
  <nestedLevel>1</nestedLevel>
  <property name="appiumVersion">1.8.1</property>
</record>
<record>
  <date>2019-09-02T20:26:54</date>
  <millis>1567430814711</millis>
  <sequence>202</sequence>
  <level>RUN_DATA</level>
  <class>com.kms.katalon.core.logging.XmlKeywordLogger</class>
  <method>logMessage</method>
  <thread>1</thread>
  <message>deviceId = ZDDAE6LZQKTKW4BI</message>
  <nestedLevel>1</nestedLevel>
  <property name="deviceId">ZDDAE6LZQKTKW4BI</property>
</record>
<record>
  <date>2019-09-02T20:26:54</date>
  <millis>1567430814712</millis>
  <sequence>203</sequence>
  <level>RUN_DATA</level>
  <class>com.kms.katalon.core.logging.XmlKeywordLogger</class>
  <method>logMessage</method>
  <thread>1</thread>
  <message>deviceName = vivo vivo 1802 (Android 8.1.0)</message>
  <nestedLevel>1</nestedLevel>
  <property name="deviceName">vivo vivo 1802 (Android 8.1.0)</property>
</record>
<record>
  <date>2019-09-02T20:26:54</date>
  <millis>1567430814713</millis>
  <sequence>204</sequence>
  <level>RUN_DATA</level>
  <class>com.kms.katalon.core.logging.XmlKeywordLogger</class>
  <method>logMessage</method>
  <thread>1</thread>
  <message>deviceModel = vivo 1802</message>
  <nestedLevel>1</nestedLevel>
  <property name="deviceModel">vivo 1802</property>
</record>
<record>
  <date>2019-09-02T20:26:54</date>
  <millis>1567430814714</millis>
  <sequence>205</sequence>
  <level>RUN_DATA</level>
  <class>com.kms.katalon.core.logging.XmlKeywordLogger</class>
  <method>logMessage</method>
  <thread>1</thread>
  <message>deviceManufacturer = vivo</message>
  <nestedLevel>1</nestedLevel>
  <property name="deviceManufacturer">vivo</property>
</record>
<record>
  <date>2019-09-02T20:26:54</date>
  <millis>1567430814716</millis>
  <sequence>206</sequence>
  <level>RUN_DATA</level>
  <class>com.kms.katalon.core.logging.XmlKeywordLogger</class>
  <method>logMessage</method>
  <thread>1</thread>
  <message>deviceOS = Android</message>
  <nestedLevel>1</nestedLevel>
  <property name="deviceOS">Android</property>
</record>
<record>
  <date>2019-09-02T20:26:54</date>
  <millis>1567430814717</millis>
  <sequence>207</sequence>
  <level>RUN_DATA</level>
  <class>com.kms.katalon.core.logging.XmlKeywordLogger</class>
  <method>logMessage</method>
  <thread>1</thread>
  <message>deviceOSVersion = 8.1.0</message>
  <nestedLevel>1</nestedLevel>
  <property name="deviceOSVersion">8.1.0</property>
</record>
<record>
  <date>2019-09-02T20:26:54</date>
  <millis>1567430814722</millis>
  <sequence>208</sequence>
  <level>PASSED</level>
  <class>com.kms.katalon.core.logging.XmlKeywordLogger</class>
  <method>logMessage</method>
  <thread>1</thread>
  <message>Started app at: &amp;apos;C:\\Users\\Meteor_PC\\Downloads\\Alfamind_debug - env_dev_v2 - 020919.apk&amp;apos;</message>
  <nestedLevel>1</nestedLevel>
</record>
<record>
  <date>2019-09-02T20:26:54</date>
  <millis>1567430814723</millis>
  <sequence>209</sequence>
  <level>END</level>
  <class>com.kms.katalon.core.logging.XmlKeywordLogger</class>
  <method>endKeyword</method>
  <thread>1</thread>
  <message>End action : startApplication(ApkFile, false)</message>
  <nestedLevel>1</nestedLevel>
</record>
<record>
  <date>2019-09-02T20:26:54</date>
  <millis>1567430814724</millis>
  <sequence>210</sequence>
  <level>START</level>
  <class>com.kms.katalon.core.logging.XmlKeywordLogger</class>
  <method>startKeyword</method>
  <thread>1</thread>
  <message>Start action : delay(3)</message>
  <nestedLevel>1</nestedLevel>
  <property name="startLine">20</property>
  <property name="stepIndex">2</property>
</record>
<record>
  <date>2019-09-02T20:26:57</date>
  <millis>1567430817733</millis>
  <sequence>212</sequence>
  <level>PASSED</level>
  <class>com.kms.katalon.core.logging.XmlKeywordLogger</class>
  <method>logMessage</method>
  <thread>1</thread>
  <message>Delayed 3 second(s)</message>
  <nestedLevel>1</nestedLevel>
</record>
<record>
  <date>2019-09-02T20:26:57</date>
  <millis>1567430817738</millis>
  <sequence>213</sequence>
  <level>END</level>
  <class>com.kms.katalon.core.logging.XmlKeywordLogger</class>
  <method>endKeyword</method>
  <thread>1</thread>
  <message>End action : delay(3)</message>
  <nestedLevel>1</nestedLevel>
</record>
<record>
  <date>2019-09-02T20:26:57</date>
  <millis>1567430817739</millis>
  <sequence>214</sequence>
  <level>START</level>
  <class>com.kms.katalon.core.logging.XmlKeywordLogger</class>
  <method>startKeyword</method>
  <thread>1</thread>
  <message>Start action : takeScreenshot()</message>
  <nestedLevel>1</nestedLevel>
  <property name="startLine">22</property>
  <property name="stepIndex">3</property>
</record>
<record>
  <date>2019-09-02T20:26:58</date>
  <millis>1567430818863</millis>
  <sequence>215</sequence>
  <level>PASSED</level>
  <class>com.kms.katalon.core.logging.XmlKeywordLogger</class>
  <method>logMessage</method>
  <thread>1</thread>
  <message>Screenshot is taken</message>
  <nestedLevel>1</nestedLevel>
  <property name="attachment">C:\\Users\\Meteor_PC\\Katalon Studio\\Alfamind\\Reports\\Login\\20190902_202318\\1567430817749.png</property>
</record>
<record>
  <date>2019-09-02T20:26:59</date>
  <millis>1567430819026</millis>
  <sequence>216</sequence>
  <level>END</level>
  <class>com.kms.katalon.core.logging.XmlKeywordLogger</class>
  <method>endKeyword</method>
  <thread>1</thread>
  <message>End action : takeScreenshot()</message>
  <nestedLevel>1</nestedLevel>
</record>
<record>
  <date>2019-09-02T20:26:59</date>
  <millis>1567430819026</millis>
  <sequence>217</sequence>
  <level>START</level>
  <class>com.kms.katalon.core.logging.XmlKeywordLogger</class>
  <method>startKeyword</method>
  <thread>1</thread>
  <message>Start action : punya_toko = getText(findTestObject(\&amp;quot;Object Repository/Landing Page/android.widget.TextView0 - Punya Toko Sendiri Dengan Modal Minim\&amp;quot;), 10, OPTIONAL)</message>
  <nestedLevel>1</nestedLevel>
  <property name="startLine">24</property>
  <property name="stepIndex">4</property>
</record>
<record>
  <date>2019-09-02T20:27:10</date>
  <millis>1567430830600</millis>
  <sequence>221</sequence>
  <level>WARNING</level>
  <class>com.kms.katalon.core.logging.XmlKeywordLogger</class>
  <method>logMessage</method>
  <thread>1</thread>
  <message>Object Object Repository/Landing Page/android.widget.TextView0 - Punya Toko Sendiri Dengan Modal Minim not found</message>
  <nestedLevel>1</nestedLevel>
  <property name="attachment">1567430829188.png</property>
</record>
<record>
  <date>2019-09-02T20:27:10</date>
  <millis>1567430830602</millis>
  <sequence>222</sequence>
  <level>END</level>
  <class>com.kms.katalon.core.logging.XmlKeywordLogger</class>
  <method>endKeyword</method>
  <thread>1</thread>
  <message>End action : punya_toko = getText(findTestObject(\&amp;quot;Object Repository/Landing Page/android.widget.TextView0 - Punya Toko Sendiri Dengan Modal Minim\&amp;quot;), 10, OPTIONAL)</message>
  <nestedLevel>1</nestedLevel>
</record>
<record>
  <date>2019-09-02T20:27:10</date>
  <millis>1567430830603</millis>
  <sequence>223</sequence>
  <level>START</level>
  <class>com.kms.katalon.core.logging.XmlKeywordLogger</class>
  <method>startKeyword</method>
  <thread>1</thread>
  <message>Start action : Landing_page = verifyElementAttributeValue(findTestObject(\&amp;quot;Object Repository/Landing Page/android.widget.TextView0 - Punya Toko Sendiri Dengan Modal Minim\&amp;quot;), \&amp;quot;text\&amp;quot;, punya_toko, 10, OPTIONAL)</message>
  <nestedLevel>1</nestedLevel>
  <property name="startLine">27</property>
  <property name="stepIndex">5</property>
</record>
<record>
  <date>2019-09-02T20:27:11</date>
  <millis>1567430831011</millis>
  <sequence>228</sequence>
  <level>WARNING</level>
  <class>com.kms.katalon.core.logging.XmlKeywordLogger</class>
  <method>logMessage</method>
  <thread>1</thread>
  <message>Element &amp;apos;Object Repository/Landing Page/android.widget.TextView0 - Punya Toko Sendiri Dengan Modal Minim&amp;apos; not found</message>
  <nestedLevel>1</nestedLevel>
</record>
<record>
  <date>2019-09-02T20:27:11</date>
  <millis>1567430831013</millis>
  <sequence>229</sequence>
  <level>END</level>
  <class>com.kms.katalon.core.logging.XmlKeywordLogger</class>
  <method>endKeyword</method>
  <thread>1</thread>
  <message>End action : Landing_page = verifyElementAttributeValue(findTestObject(\&amp;quot;Object Repository/Landing Page/android.widget.TextView0 - Punya Toko Sendiri Dengan Modal Minim\&amp;quot;), \&amp;quot;text\&amp;quot;, punya_toko, 10, OPTIONAL)</message>
  <nestedLevel>1</nestedLevel>
</record>
<record>
  <date>2019-09-02T20:27:11</date>
  <millis>1567430831014</millis>
  <sequence>230</sequence>
  <level>START</level>
  <class>com.kms.katalon.core.logging.XmlKeywordLogger</class>
  <method>startKeyword</method>
  <thread>1</thread>
  <message>Start action : if (Landing_page == true)</message>
  <nestedLevel>1</nestedLevel>
  <property name="startLine">30</property>
  <property name="stepIndex">6</property>
</record>
<record>
  <date>2019-09-02T20:27:11</date>
  <millis>1567430831015</millis>
  <sequence>231</sequence>
  <level>END</level>
  <class>com.kms.katalon.core.logging.XmlKeywordLogger</class>
  <method>endKeyword</method>
  <thread>1</thread>
  <message>End action : if (Landing_page == true)</message>
  <nestedLevel>1</nestedLevel>
</record>
<record>
  <date>2019-09-02T20:27:11</date>
  <millis>1567430831016</millis>
  <sequence>232</sequence>
  <level>START</level>
  <class>com.kms.katalon.core.logging.XmlKeywordLogger</class>
  <method>startKeyword</method>
  <thread>1</thread>
  <message>Start action : takeScreenshot()</message>
  <nestedLevel>1</nestedLevel>
  <property name="startLine">39</property>
  <property name="stepIndex">7</property>
</record>
<record>
  <date>2019-09-02T20:27:12</date>
  <millis>1567430832548</millis>
  <sequence>233</sequence>
  <level>PASSED</level>
  <class>com.kms.katalon.core.logging.XmlKeywordLogger</class>
  <method>logMessage</method>
  <thread>1</thread>
  <message>Screenshot is taken</message>
  <nestedLevel>1</nestedLevel>
  <property name="attachment">C:\\Users\\Meteor_PC\\Katalon Studio\\Alfamind\\Reports\\Login\\20190902_202318\\1567430831033.png</property>
</record>
<record>
  <date>2019-09-02T20:27:12</date>
  <millis>1567430832811</millis>
  <sequence>234</sequence>
  <level>END</level>
  <class>com.kms.katalon.core.logging.XmlKeywordLogger</class>
  <method>endKeyword</method>
  <thread>1</thread>
  <message>End action : takeScreenshot()</message>
  <nestedLevel>1</nestedLevel>
</record>
<record>
  <date>2019-09-02T20:27:12</date>
  <millis>1567430832811</millis>
  <sequence>235</sequence>
  <level>START</level>
  <class>com.kms.katalon.core.logging.XmlKeywordLogger</class>
  <method>startKeyword</method>
  <thread>1</thread>
  <message>Start action : waitForElementAttributeValue(findTestObject(\&amp;quot;Menu Bawah/Menu - Akun\&amp;quot;), \&amp;quot;text\&amp;quot;, \&amp;quot;Akun\&amp;quot;, 10)</message>
  <nestedLevel>1</nestedLevel>
  <property name="startLine">41</property>
  <property name="stepIndex">8</property>
</record>
<record>
  <date>2019-09-02T20:27:14</date>
  <millis>1567430834168</millis>
  <sequence>240</sequence>
  <level>PASSED</level>
  <class>com.kms.katalon.core.logging.XmlKeywordLogger</class>
  <method>logMessage</method>
  <thread>1</thread>
  <message>Object &amp;apos;Object Repository/Menu Bawah/Menu - Akun&amp;apos; has attribute &amp;apos;text&amp;apos; with value &amp;apos;Akun&amp;apos;</message>
  <nestedLevel>1</nestedLevel>
</record>
<record>
  <date>2019-09-02T20:27:14</date>
  <millis>1567430834169</millis>
  <sequence>241</sequence>
  <level>END</level>
  <class>com.kms.katalon.core.logging.XmlKeywordLogger</class>
  <method>endKeyword</method>
  <thread>1</thread>
  <message>End action : waitForElementAttributeValue(findTestObject(\&amp;quot;Menu Bawah/Menu - Akun\&amp;quot;), \&amp;quot;text\&amp;quot;, \&amp;quot;Akun\&amp;quot;, 10)</message>
  <nestedLevel>1</nestedLevel>
</record>
<record>
  <date>2019-09-02T20:27:14</date>
  <millis>1567430834170</millis>
  <sequence>242</sequence>
  <level>START</level>
  <class>com.kms.katalon.core.logging.XmlKeywordLogger</class>
  <method>startKeyword</method>
  <thread>1</thread>
  <message>Start action : tap(findTestObject(\&amp;quot;Menu Bawah/Menu - Akun\&amp;quot;), 10)</message>
  <nestedLevel>1</nestedLevel>
  <property name="startLine">43</property>
  <property name="stepIndex">9</property>
</record>
<record>
  <date>2019-09-02T20:27:16</date>
  <millis>1567430836505</millis>
  <sequence>246</sequence>
  <level>PASSED</level>
  <class>com.kms.katalon.core.logging.XmlKeywordLogger</class>
  <method>logMessage</method>
  <thread>1</thread>
  <message>Tapped on element &amp;apos;Object Repository/Menu Bawah/Menu - Akun&amp;apos;</message>
  <nestedLevel>1</nestedLevel>
</record>
<record>
  <date>2019-09-02T20:27:16</date>
  <millis>1567430836514</millis>
  <sequence>247</sequence>
  <level>END</level>
  <class>com.kms.katalon.core.logging.XmlKeywordLogger</class>
  <method>endKeyword</method>
  <thread>1</thread>
  <message>End action : tap(findTestObject(\&amp;quot;Menu Bawah/Menu - Akun\&amp;quot;), 10)</message>
  <nestedLevel>1</nestedLevel>
</record>
<record>
  <date>2019-09-02T20:27:16</date>
  <millis>1567430836514</millis>
  <sequence>248</sequence>
  <level>START</level>
  <class>com.kms.katalon.core.logging.XmlKeywordLogger</class>
  <method>startKeyword</method>
  <thread>1</thread>
  <message>Start action : takeScreenshot()</message>
  <nestedLevel>1</nestedLevel>
  <property name="startLine">45</property>
  <property name="stepIndex">10</property>
</record>
<record>
  <date>2019-09-02T20:27:17</date>
  <millis>1567430837619</millis>
  <sequence>249</sequence>
  <level>PASSED</level>
  <class>com.kms.katalon.core.logging.XmlKeywordLogger</class>
  <method>logMessage</method>
  <thread>1</thread>
  <message>Screenshot is taken</message>
  <nestedLevel>1</nestedLevel>
  <property name="attachment">C:\\Users\\Meteor_PC\\Katalon Studio\\Alfamind\\Reports\\Login\\20190902_202318\\1567430836524.png</property>
</record>
<record>
  <date>2019-09-02T20:27:17</date>
  <millis>1567430837846</millis>
  <sequence>250</sequence>
  <level>END</level>
  <class>com.kms.katalon.core.logging.XmlKeywordLogger</class>
  <method>endKeyword</method>
  <thread>1</thread>
  <message>End action : takeScreenshot()</message>
  <nestedLevel>1</nestedLevel>
</record>
<record>
  <date>2019-09-02T20:27:17</date>
  <millis>1567430837847</millis>
  <sequence>251</sequence>
  <level>START</level>
  <class>com.kms.katalon.core.logging.XmlKeywordLogger</class>
  <method>startKeyword</method>
  <thread>1</thread>
  <message>Start action : setText(findTestObject(\&amp;quot;Object Repository/LOGIN/android.widget.EditText0 - Username or email address\&amp;quot;), email_dev, 10)</message>
  <nestedLevel>1</nestedLevel>
  <property name="startLine">47</property>
  <property name="stepIndex">11</property>
</record>
<record>
  <date>2019-09-02T20:27:19</date>
  <millis>1567430839741</millis>
  <sequence>255</sequence>
  <level>PASSED</level>
  <class>com.kms.katalon.core.logging.XmlKeywordLogger</class>
  <method>logMessage</method>
  <thread>1</thread>
  <message>Text &amp;apos;alfa.testwir@gmail.com&amp;apos; has been set to element &amp;apos;Object Repository/LOGIN/android.widget.EditText0 - Username or email address&amp;apos;</message>
  <nestedLevel>1</nestedLevel>
</record>
<record>
  <date>2019-09-02T20:27:19</date>
  <millis>1567430839743</millis>
  <sequence>256</sequence>
  <level>END</level>
  <class>com.kms.katalon.core.logging.XmlKeywordLogger</class>
  <method>endKeyword</method>
  <thread>1</thread>
  <message>End action : setText(findTestObject(\&amp;quot;Object Repository/LOGIN/android.widget.EditText0 - Username or email address\&amp;quot;), email_dev, 10)</message>
  <nestedLevel>1</nestedLevel>
</record>
<record>
  <date>2019-09-02T20:27:19</date>
  <millis>1567430839745</millis>
  <sequence>257</sequence>
  <level>START</level>
  <class>com.kms.katalon.core.logging.XmlKeywordLogger</class>
  <method>startKeyword</method>
  <thread>1</thread>
  <message>Start action : setText(findTestObject(\&amp;quot;Object Repository/LOGIN/android.widget.EditText1 - Password\&amp;quot;), pass_dev, 10)</message>
  <nestedLevel>1</nestedLevel>
  <property name="startLine">50</property>
  <property name="stepIndex">12</property>
</record>
<record>
  <date>2019-09-02T20:27:21</date>
  <millis>1567430841987</millis>
  <sequence>261</sequence>
  <level>PASSED</level>
  <class>com.kms.katalon.core.logging.XmlKeywordLogger</class>
  <method>logMessage</method>
  <thread>1</thread>
  <message>Text &amp;apos;xbypsq&amp;apos; has been set to element &amp;apos;Object Repository/LOGIN/android.widget.EditText1 - Password&amp;apos;</message>
  <nestedLevel>1</nestedLevel>
</record>
<record>
  <date>2019-09-02T20:27:21</date>
  <millis>1567430841989</millis>
  <sequence>262</sequence>
  <level>END</level>
  <class>com.kms.katalon.core.logging.XmlKeywordLogger</class>
  <method>endKeyword</method>
  <thread>1</thread>
  <message>End action : setText(findTestObject(\&amp;quot;Object Repository/LOGIN/android.widget.EditText1 - Password\&amp;quot;), pass_dev, 10)</message>
  <nestedLevel>1</nestedLevel>
</record>
<record>
  <date>2019-09-02T20:27:21</date>
  <millis>1567430841989</millis>
  <sequence>263</sequence>
  <level>START</level>
  <class>com.kms.katalon.core.logging.XmlKeywordLogger</class>
  <method>startKeyword</method>
  <thread>1</thread>
  <message>Start action : takeScreenshot()</message>
  <nestedLevel>1</nestedLevel>
  <property name="startLine">52</property>
  <property name="stepIndex">13</property>
</record>
<record>
  <date>2019-09-02T20:27:23</date>
  <millis>1567430843043</millis>
  <sequence>264</sequence>
  <level>PASSED</level>
  <class>com.kms.katalon.core.logging.XmlKeywordLogger</class>
  <method>logMessage</method>
  <thread>1</thread>
  <message>Screenshot is taken</message>
  <nestedLevel>1</nestedLevel>
  <property name="attachment">C:\\Users\\Meteor_PC\\Katalon Studio\\Alfamind\\Reports\\Login\\20190902_202318\\1567430842014.png</property>
</record>
<record>
  <date>2019-09-02T20:27:23</date>
  <millis>1567430843271</millis>
  <sequence>265</sequence>
  <level>END</level>
  <class>com.kms.katalon.core.logging.XmlKeywordLogger</class>
  <method>endKeyword</method>
  <thread>1</thread>
  <message>End action : takeScreenshot()</message>
  <nestedLevel>1</nestedLevel>
</record>
<record>
  <date>2019-09-02T20:27:23</date>
  <millis>1567430843272</millis>
  <sequence>266</sequence>
  <level>START</level>
  <class>com.kms.katalon.core.logging.XmlKeywordLogger</class>
  <method>startKeyword</method>
  <thread>1</thread>
  <message>Start action : tap(findTestObject(\&amp;quot;Object Repository/LOGIN/Login Button\&amp;quot;), 10)</message>
  <nestedLevel>1</nestedLevel>
  <property name="startLine">54</property>
  <property name="stepIndex">14</property>
</record>
<record>
  <date>2019-09-02T20:27:24</date>
  <millis>1567430844966</millis>
  <sequence>270</sequence>
  <level>PASSED</level>
  <class>com.kms.katalon.core.logging.XmlKeywordLogger</class>
  <method>logMessage</method>
  <thread>1</thread>
  <message>Tapped on element &amp;apos;Object Repository/LOGIN/Login Button&amp;apos;</message>
  <nestedLevel>1</nestedLevel>
</record>
<record>
  <date>2019-09-02T20:27:24</date>
  <millis>1567430844968</millis>
  <sequence>271</sequence>
  <level>END</level>
  <class>com.kms.katalon.core.logging.XmlKeywordLogger</class>
  <method>endKeyword</method>
  <thread>1</thread>
  <message>End action : tap(findTestObject(\&amp;quot;Object Repository/LOGIN/Login Button\&amp;quot;), 10)</message>
  <nestedLevel>1</nestedLevel>
</record>
<record>
  <date>2019-09-02T20:27:24</date>
  <millis>1567430844969</millis>
  <sequence>272</sequence>
  <level>START</level>
  <class>com.kms.katalon.core.logging.XmlKeywordLogger</class>
  <method>startKeyword</method>
  <thread>1</thread>
  <message>Start action : verifyElementAttributeValue(findTestObject(\&amp;quot;Object Repository/LOGIN/Assert/Profil Saya\&amp;quot;), \&amp;quot;text\&amp;quot;, \&amp;quot;Profil Saya\&amp;quot;, 10)</message>
  <nestedLevel>1</nestedLevel>
  <property name="startLine">56</property>
  <property name="stepIndex">15</property>
</record>
<record>
  <date>2019-09-02T20:27:25</date>
  <millis>1567430845178</millis>
  <sequence>277</sequence>
  <level>WARNING</level>
  <class>com.kms.katalon.core.logging.XmlKeywordLogger</class>
  <method>logMessage</method>
  <thread>1</thread>
  <message>Element &amp;apos;Object Repository/LOGIN/Assert/Profil Saya&amp;apos; not found</message>
  <nestedLevel>1</nestedLevel>
</record>
<record>
  <date>2019-09-02T20:27:25</date>
  <millis>1567430845179</millis>
  <sequence>278</sequence>
  <level>END</level>
  <class>com.kms.katalon.core.logging.XmlKeywordLogger</class>
  <method>endKeyword</method>
  <thread>1</thread>
  <message>End action : verifyElementAttributeValue(findTestObject(\&amp;quot;Object Repository/LOGIN/Assert/Profil Saya\&amp;quot;), \&amp;quot;text\&amp;quot;, \&amp;quot;Profil Saya\&amp;quot;, 10)</message>
  <nestedLevel>1</nestedLevel>
</record>
<record>
  <date>2019-09-02T20:27:25</date>
  <millis>1567430845180</millis>
  <sequence>279</sequence>
  <level>START</level>
  <class>com.kms.katalon.core.logging.XmlKeywordLogger</class>
  <method>startKeyword</method>
  <thread>1</thread>
  <message>Start action : takeScreenshot()</message>
  <nestedLevel>1</nestedLevel>
  <property name="startLine">58</property>
  <property name="stepIndex">16</property>
</record>
<record>
  <date>2019-09-02T20:27:26</date>
  <millis>1567430846138</millis>
  <sequence>280</sequence>
  <level>PASSED</level>
  <class>com.kms.katalon.core.logging.XmlKeywordLogger</class>
  <method>logMessage</method>
  <thread>1</thread>
  <message>Screenshot is taken</message>
  <nestedLevel>1</nestedLevel>
  <property name="attachment">C:\\Users\\Meteor_PC\\Katalon Studio\\Alfamind\\Reports\\Login\\20190902_202318\\1567430845187.png</property>
</record>
<record>
  <date>2019-09-02T20:27:26</date>
  <millis>1567430846327</millis>
  <sequence>281</sequence>
  <level>END</level>
  <class>com.kms.katalon.core.logging.XmlKeywordLogger</class>
  <method>endKeyword</method>
  <thread>1</thread>
  <message>End action : takeScreenshot()</message>
  <nestedLevel>1</nestedLevel>
</record>
<record>
  <date>2019-09-02T20:27:26</date>
  <millis>1567430846328</millis>
  <sequence>282</sequence>
  <level>START</level>
  <class>com.kms.katalon.core.logging.XmlKeywordLogger</class>
  <method>startKeyword</method>
  <thread>1</thread>
  <message>Start action : closeApplication()</message>
  <nestedLevel>1</nestedLevel>
  <property name="startLine">60</property>
  <property name="stepIndex">17</property>
</record>
<record>
  <date>2019-09-02T20:27:26</date>
  <millis>1567430846910</millis>
  <sequence>283</sequence>
  <level>PASSED</level>
  <class>com.kms.katalon.core.logging.XmlKeywordLogger</class>
  <method>logMessage</method>
  <thread>1</thread>
  <message>Close app successfully</message>
  <nestedLevel>1</nestedLevel>
</record>
<record>
  <date>2019-09-02T20:27:26</date>
  <millis>1567430846910</millis>
  <sequence>284</sequence>
  <level>END</level>
  <class>com.kms.katalon.core.logging.XmlKeywordLogger</class>
  <method>endKeyword</method>
  <thread>1</thread>
  <message>End action : closeApplication()</message>
  <nestedLevel>1</nestedLevel>
</record>
<record>
  <date>2019-09-02T20:27:26</date>
  <millis>1567430846911</millis>
  <sequence>285</sequence>
  <level>PASSED</level>
  <class>com.kms.katalon.core.logging.XmlKeywordLogger</class>
  <method>logMessage</method>
  <thread>1</thread>
  <message>Test Cases/Login/Login success</message>
  <nestedLevel>1</nestedLevel>
</record>
<record>
  <date>2019-09-02T20:27:26</date>
  <millis>1567430846912</millis>
  <sequence>286</sequence>
  <level>END</level>
  <class>com.kms.katalon.core.logging.XmlKeywordLogger</class>
  <method>endTest</method>
  <thread>1</thread>
  <message>End Test Case : Test Cases/Login/Login success</message>
  <nestedLevel>0</nestedLevel>
</record>
<record>
  <date>2019-09-02T20:27:26</date>
  <millis>1567430846923</millis>
  <sequence>287</sequence>
  <level>START</level>
  <class>com.kms.katalon.core.logging.XmlKeywordLogger</class>
  <method>startTest</method>
  <thread>1</thread>
  <message>Start Test Case : Test Cases/Log out</message>
  <nestedLevel>1</nestedLevel>
  <property name="name">Test Cases/Log out</property>
  <property name="description"></property>
  <property name="id">Test Cases/Log out</property>
  <property name="source">C:\\Users\\Meteor_PC\\Katalon Studio\\Alfamind\\Test Cases\\Log out.tc</property>
  <property name="tag"></property>
  <property name="isOptional">false</property>
</record>
<record>
  <date>2019-09-02T20:27:27</date>
  <millis>1567430847670</millis>
  <sequence>289</sequence>
  <level>START</level>
  <class>com.kms.katalon.core.logging.XmlKeywordLogger</class>
  <method>startKeyword</method>
  <thread>1</thread>
  <message>Start action : startApplication(ApkFile, false)</message>
  <nestedLevel>1</nestedLevel>
  <property name="startLine">16</property>
  <property name="stepIndex">1</property>
</record>
<record>
  <date>2019-09-02T20:27:41</date>
  <millis>1567430861429</millis>
  <sequence>291</sequence>
  <level>INFO</level>
  <class>com.kms.katalon.core.logging.XmlKeywordLogger</class>
  <method>logMessage</method>
  <thread>1</thread>
  <message>Appium server started on port 11.053</message>
  <nestedLevel>1</nestedLevel>
</record>
<record>
  <date>2019-09-02T20:28:15</date>
  <millis>1567430895669</millis>
  <sequence>293</sequence>
  <level>RUN_DATA</level>
  <class>com.kms.katalon.core.logging.XmlKeywordLogger</class>
  <method>logMessage</method>
  <thread>1</thread>
  <message>appiumVersion = 1.8.1</message>
  <nestedLevel>1</nestedLevel>
  <property name="appiumVersion">1.8.1</property>
</record>
<record>
  <date>2019-09-02T20:28:15</date>
  <millis>1567430895689</millis>
  <sequence>294</sequence>
  <level>RUN_DATA</level>
  <class>com.kms.katalon.core.logging.XmlKeywordLogger</class>
  <method>logMessage</method>
  <thread>1</thread>
  <message>deviceId = ZDDAE6LZQKTKW4BI</message>
  <nestedLevel>1</nestedLevel>
  <property name="deviceId">ZDDAE6LZQKTKW4BI</property>
</record>
<record>
  <date>2019-09-02T20:28:15</date>
  <millis>1567430895690</millis>
  <sequence>295</sequence>
  <level>RUN_DATA</level>
  <class>com.kms.katalon.core.logging.XmlKeywordLogger</class>
  <method>logMessage</method>
  <thread>1</thread>
  <message>deviceName = vivo vivo 1802 (Android 8.1.0)</message>
  <nestedLevel>1</nestedLevel>
  <property name="deviceName">vivo vivo 1802 (Android 8.1.0)</property>
</record>
<record>
  <date>2019-09-02T20:28:15</date>
  <millis>1567430895691</millis>
  <sequence>296</sequence>
  <level>RUN_DATA</level>
  <class>com.kms.katalon.core.logging.XmlKeywordLogger</class>
  <method>logMessage</method>
  <thread>1</thread>
  <message>deviceModel = vivo 1802</message>
  <nestedLevel>1</nestedLevel>
  <property name="deviceModel">vivo 1802</property>
</record>
<record>
  <date>2019-09-02T20:28:15</date>
  <millis>1567430895692</millis>
  <sequence>297</sequence>
  <level>RUN_DATA</level>
  <class>com.kms.katalon.core.logging.XmlKeywordLogger</class>
  <method>logMessage</method>
  <thread>1</thread>
  <message>deviceManufacturer = vivo</message>
  <nestedLevel>1</nestedLevel>
  <property name="deviceManufacturer">vivo</property>
</record>
<record>
  <date>2019-09-02T20:28:15</date>
  <millis>1567430895692</millis>
  <sequence>298</sequence>
  <level>RUN_DATA</level>
  <class>com.kms.katalon.core.logging.XmlKeywordLogger</class>
  <method>logMessage</method>
  <thread>1</thread>
  <message>deviceOS = Android</message>
  <nestedLevel>1</nestedLevel>
  <property name="deviceOS">Android</property>
</record>
<record>
  <date>2019-09-02T20:28:15</date>
  <millis>1567430895693</millis>
  <sequence>299</sequence>
  <level>RUN_DATA</level>
  <class>com.kms.katalon.core.logging.XmlKeywordLogger</class>
  <method>logMessage</method>
  <thread>1</thread>
  <message>deviceOSVersion = 8.1.0</message>
  <nestedLevel>1</nestedLevel>
  <property name="deviceOSVersion">8.1.0</property>
</record>
<record>
  <date>2019-09-02T20:28:15</date>
  <millis>1567430895699</millis>
  <sequence>300</sequence>
  <level>PASSED</level>
  <class>com.kms.katalon.core.logging.XmlKeywordLogger</class>
  <method>logMessage</method>
  <thread>1</thread>
  <message>Started app at: &amp;apos;C:\\Users\\Meteor_PC\\Downloads\\Alfamind_debug - env_dev_v2 - 020919.apk&amp;apos;</message>
  <nestedLevel>1</nestedLevel>
</record>
<record>
  <date>2019-09-02T20:28:15</date>
  <millis>1567430895701</millis>
  <sequence>301</sequence>
  <level>END</level>
  <class>com.kms.katalon.core.logging.XmlKeywordLogger</class>
  <method>endKeyword</method>
  <thread>1</thread>
  <message>End action : startApplication(ApkFile, false)</message>
  <nestedLevel>1</nestedLevel>
</record>
<record>
  <date>2019-09-02T20:28:15</date>
  <millis>1567430895701</millis>
  <sequence>302</sequence>
  <level>START</level>
  <class>com.kms.katalon.core.logging.XmlKeywordLogger</class>
  <method>startKeyword</method>
  <thread>1</thread>
  <message>Start action : delay(3)</message>
  <nestedLevel>1</nestedLevel>
  <property name="startLine">18</property>
  <property name="stepIndex">2</property>
</record>
<record>
  <date>2019-09-02T20:28:18</date>
  <millis>1567430898709</millis>
  <sequence>304</sequence>
  <level>PASSED</level>
  <class>com.kms.katalon.core.logging.XmlKeywordLogger</class>
  <method>logMessage</method>
  <thread>1</thread>
  <message>Delayed 3 second(s)</message>
  <nestedLevel>1</nestedLevel>
</record>
<record>
  <date>2019-09-02T20:28:18</date>
  <millis>1567430898710</millis>
  <sequence>305</sequence>
  <level>END</level>
  <class>com.kms.katalon.core.logging.XmlKeywordLogger</class>
  <method>endKeyword</method>
  <thread>1</thread>
  <message>End action : delay(3)</message>
  <nestedLevel>1</nestedLevel>
</record>
<record>
  <date>2019-09-02T20:28:18</date>
  <millis>1567430898711</millis>
  <sequence>306</sequence>
  <level>START</level>
  <class>com.kms.katalon.core.logging.XmlKeywordLogger</class>
  <method>startKeyword</method>
  <thread>1</thread>
  <message>Start action : waitForElementAttributeValue(findTestObject(\&amp;quot;Menu Bawah/Menu - Akun\&amp;quot;), \&amp;quot;text\&amp;quot;, \&amp;quot;Akun\&amp;quot;, 10)</message>
  <nestedLevel>1</nestedLevel>
  <property name="startLine">20</property>
  <property name="stepIndex">3</property>
</record>
<record>
  <date>2019-09-02T20:28:19</date>
  <millis>1567430899946</millis>
  <sequence>311</sequence>
  <level>PASSED</level>
  <class>com.kms.katalon.core.logging.XmlKeywordLogger</class>
  <method>logMessage</method>
  <thread>1</thread>
  <message>Object &amp;apos;Object Repository/Menu Bawah/Menu - Akun&amp;apos; has attribute &amp;apos;text&amp;apos; with value &amp;apos;Akun&amp;apos;</message>
  <nestedLevel>1</nestedLevel>
</record>
<record>
  <date>2019-09-02T20:28:19</date>
  <millis>1567430899947</millis>
  <sequence>312</sequence>
  <level>END</level>
  <class>com.kms.katalon.core.logging.XmlKeywordLogger</class>
  <method>endKeyword</method>
  <thread>1</thread>
  <message>End action : waitForElementAttributeValue(findTestObject(\&amp;quot;Menu Bawah/Menu - Akun\&amp;quot;), \&amp;quot;text\&amp;quot;, \&amp;quot;Akun\&amp;quot;, 10)</message>
  <nestedLevel>1</nestedLevel>
</record>
<record>
  <date>2019-09-02T20:28:19</date>
  <millis>1567430899948</millis>
  <sequence>313</sequence>
  <level>START</level>
  <class>com.kms.katalon.core.logging.XmlKeywordLogger</class>
  <method>startKeyword</method>
  <thread>1</thread>
  <message>Start action : tap(findTestObject(\&amp;quot;Menu Bawah/Menu - Akun\&amp;quot;), 10)</message>
  <nestedLevel>1</nestedLevel>
  <property name="startLine">22</property>
  <property name="stepIndex">4</property>
</record>
<record>
  <date>2019-09-02T20:28:21</date>
  <millis>1567430901288</millis>
  <sequence>317</sequence>
  <level>PASSED</level>
  <class>com.kms.katalon.core.logging.XmlKeywordLogger</class>
  <method>logMessage</method>
  <thread>1</thread>
  <message>Tapped on element &amp;apos;Object Repository/Menu Bawah/Menu - Akun&amp;apos;</message>
  <nestedLevel>1</nestedLevel>
</record>
<record>
  <date>2019-09-02T20:28:21</date>
  <millis>1567430901289</millis>
  <sequence>318</sequence>
  <level>END</level>
  <class>com.kms.katalon.core.logging.XmlKeywordLogger</class>
  <method>endKeyword</method>
  <thread>1</thread>
  <message>End action : tap(findTestObject(\&amp;quot;Menu Bawah/Menu - Akun\&amp;quot;), 10)</message>
  <nestedLevel>1</nestedLevel>
</record>
<record>
  <date>2019-09-02T20:28:21</date>
  <millis>1567430901289</millis>
  <sequence>319</sequence>
  <level>START</level>
  <class>com.kms.katalon.core.logging.XmlKeywordLogger</class>
  <method>startKeyword</method>
  <thread>1</thread>
  <message>Start action : waitForElementAttributeValue(findTestObject(\&amp;quot;Halaman Akun/Log out Button\&amp;quot;), \&amp;quot;text\&amp;quot;, \&amp;quot;Logout\&amp;quot;, 10)</message>
  <nestedLevel>1</nestedLevel>
  <property name="startLine">24</property>
  <property name="stepIndex">5</property>
</record>
<record>
  <date>2019-09-02T20:28:21</date>
  <millis>1567430901700</millis>
  <sequence>324</sequence>
  <level>PASSED</level>
  <class>com.kms.katalon.core.logging.XmlKeywordLogger</class>
  <method>logMessage</method>
  <thread>1</thread>
  <message>Object &amp;apos;Object Repository/Halaman Akun/Log out Button&amp;apos; has attribute &amp;apos;text&amp;apos; with value &amp;apos;Logout&amp;apos;</message>
  <nestedLevel>1</nestedLevel>
</record>
<record>
  <date>2019-09-02T20:28:21</date>
  <millis>1567430901701</millis>
  <sequence>325</sequence>
  <level>END</level>
  <class>com.kms.katalon.core.logging.XmlKeywordLogger</class>
  <method>endKeyword</method>
  <thread>1</thread>
  <message>End action : waitForElementAttributeValue(findTestObject(\&amp;quot;Halaman Akun/Log out Button\&amp;quot;), \&amp;quot;text\&amp;quot;, \&amp;quot;Logout\&amp;quot;, 10)</message>
  <nestedLevel>1</nestedLevel>
</record>
<record>
  <date>2019-09-02T20:28:21</date>
  <millis>1567430901702</millis>
  <sequence>326</sequence>
  <level>START</level>
  <class>com.kms.katalon.core.logging.XmlKeywordLogger</class>
  <method>startKeyword</method>
  <thread>1</thread>
  <message>Start action : tap(findTestObject(\&amp;quot;Object Repository/Halaman Akun/Log out Button\&amp;quot;), 10)</message>
  <nestedLevel>1</nestedLevel>
  <property name="startLine">26</property>
  <property name="stepIndex">6</property>
</record>
<record>
  <date>2019-09-02T20:28:23</date>
  <millis>1567430903941</millis>
  <sequence>330</sequence>
  <level>PASSED</level>
  <class>com.kms.katalon.core.logging.XmlKeywordLogger</class>
  <method>logMessage</method>
  <thread>1</thread>
  <message>Tapped on element &amp;apos;Object Repository/Halaman Akun/Log out Button&amp;apos;</message>
  <nestedLevel>1</nestedLevel>
</record>
<record>
  <date>2019-09-02T20:28:23</date>
  <millis>1567430903942</millis>
  <sequence>331</sequence>
  <level>END</level>
  <class>com.kms.katalon.core.logging.XmlKeywordLogger</class>
  <method>endKeyword</method>
  <thread>1</thread>
  <message>End action : tap(findTestObject(\&amp;quot;Object Repository/Halaman Akun/Log out Button\&amp;quot;), 10)</message>
  <nestedLevel>1</nestedLevel>
</record>
<record>
  <date>2019-09-02T20:28:23</date>
  <millis>1567430903943</millis>
  <sequence>332</sequence>
  <level>START</level>
  <class>com.kms.katalon.core.logging.XmlKeywordLogger</class>
  <method>startKeyword</method>
  <thread>1</thread>
  <message>Start action : verifyElementAttributeValue(findTestObject(\&amp;quot;Object Repository/LOGIN/android.widget.EditText0 - Username or email address\&amp;quot;), \&amp;quot;text\&amp;quot;, \&amp;quot;Username or email address\&amp;quot;, 10)</message>
  <nestedLevel>1</nestedLevel>
  <property name="startLine">28</property>
  <property name="stepIndex">7</property>
</record>
<record>
  <date>2019-09-02T20:28:24</date>
  <millis>1567430904846</millis>
  <sequence>337</sequence>
  <level>PASSED</level>
  <class>com.kms.katalon.core.logging.XmlKeywordLogger</class>
  <method>logMessage</method>
  <thread>1</thread>
  <message>Object &amp;apos;Object Repository/LOGIN/android.widget.EditText0 - Username or email address&amp;apos; has attribute &amp;apos;text&amp;apos; with value &amp;apos;Username or email address&amp;apos;</message>
  <nestedLevel>1</nestedLevel>
</record>
<record>
  <date>2019-09-02T20:28:24</date>
  <millis>1567430904848</millis>
  <sequence>338</sequence>
  <level>END</level>
  <class>com.kms.katalon.core.logging.XmlKeywordLogger</class>
  <method>endKeyword</method>
  <thread>1</thread>
  <message>End action : verifyElementAttributeValue(findTestObject(\&amp;quot;Object Repository/LOGIN/android.widget.EditText0 - Username or email address\&amp;quot;), \&amp;quot;text\&amp;quot;, \&amp;quot;Username or email address\&amp;quot;, 10)</message>
  <nestedLevel>1</nestedLevel>
</record>
<record>
  <date>2019-09-02T20:28:24</date>
  <millis>1567430904849</millis>
  <sequence>339</sequence>
  <level>START</level>
  <class>com.kms.katalon.core.logging.XmlKeywordLogger</class>
  <method>startKeyword</method>
  <thread>1</thread>
  <message>Start action : closeApplication()</message>
  <nestedLevel>1</nestedLevel>
  <property name="startLine">30</property>
  <property name="stepIndex">8</property>
</record>
<record>
  <date>2019-09-02T20:28:25</date>
  <millis>1567430905375</millis>
  <sequence>340</sequence>
  <level>PASSED</level>
  <class>com.kms.katalon.core.logging.XmlKeywordLogger</class>
  <method>logMessage</method>
  <thread>1</thread>
  <message>Close app successfully</message>
  <nestedLevel>1</nestedLevel>
</record>
<record>
  <date>2019-09-02T20:28:25</date>
  <millis>1567430905375</millis>
  <sequence>341</sequence>
  <level>END</level>
  <class>com.kms.katalon.core.logging.XmlKeywordLogger</class>
  <method>endKeyword</method>
  <thread>1</thread>
  <message>End action : closeApplication()</message>
  <nestedLevel>1</nestedLevel>
</record>
<record>
  <date>2019-09-02T20:28:25</date>
  <millis>1567430905376</millis>
  <sequence>342</sequence>
  <level>PASSED</level>
  <class>com.kms.katalon.core.logging.XmlKeywordLogger</class>
  <method>logMessage</method>
  <thread>1</thread>
  <message>Test Cases/Log out</message>
  <nestedLevel>1</nestedLevel>
</record>
<record>
  <date>2019-09-02T20:28:25</date>
  <millis>1567430905377</millis>
  <sequence>343</sequence>
  <level>END</level>
  <class>com.kms.katalon.core.logging.XmlKeywordLogger</class>
  <method>endTest</method>
  <thread>1</thread>
  <message>End Test Case : Test Cases/Log out</message>
  <nestedLevel>0</nestedLevel>
</record>
<record>
  <date>2019-09-02T20:28:25</date>
  <millis>1567430905378</millis>
  <sequence>344</sequence>
  <level>START</level>
  <class>com.kms.katalon.core.logging.XmlKeywordLogger</class>
  <method>startKeyword</method>
  <thread>1</thread>
  <message>Start listener action : exportKatalonReports</message>
  <nestedLevel>0</nestedLevel>
</record>
<record>
  <date>2019-09-02T20:28:26</date>
  <millis>1567430906160</millis>
  <sequence>800</sequence>
  <level>INFO</level>
  <class>com.kms.katalon.core.logging.XmlKeywordLogger</class>
  <method>logMessage</method>
  <thread>1</thread>
  <message>Start generating HTML report folder at: C:\\Users\\Meteor_PC\\Katalon Studio\\Alfamind\\Reports\\Login\\20190902_202318...</message>
  <nestedLevel>0</nestedLevel>
</record>
<record>
  <date>2019-09-02T20:28:28</date>
  <millis>1567430908608</millis>
  <sequence>801</sequence>
  <level>INFO</level>
  <class>com.kms.katalon.core.logging.XmlKeywordLogger</class>
  <method>logMessage</method>
  <thread>1</thread>
  <message>HTML report generated</message>
  <nestedLevel>0</nestedLevel>
</record>
<record>
  <date>2019-09-02T20:28:28</date>
  <millis>1567430908610</millis>
  <sequence>802</sequence>
  <level>INFO</level>
  <class>com.kms.katalon.core.logging.XmlKeywordLogger</class>
  <method>logMessage</method>
  <thread>1</thread>
  <message>Start generating CSV report folder at: C:\\Users\\Meteor_PC\\Katalon Studio\\Alfamind\\Reports\\Login\\20190902_202318...</message>
  <nestedLevel>0</nestedLevel>
</record>
<record>
  <date>2019-09-02T20:28:28</date>
  <millis>1567430908780</millis>
  <sequence>803</sequence>
  <level>INFO</level>
  <class>com.kms.katalon.core.logging.XmlKeywordLogger</class>
  <method>logMessage</method>
  <thread>1</thread>
  <message>CSV report generated</message>
  <nestedLevel>0</nestedLevel>
</record>
<record>
  <date>2019-09-02T20:28:28</date>
  <millis>1567430908781</millis>
  <sequence>804</sequence>
  <level>INFO</level>
  <class>com.kms.katalon.core.logging.XmlKeywordLogger</class>
  <method>logMessage</method>
  <thread>1</thread>
  <message>Start generating JUnit report folder at: C:\\Users\\Meteor_PC\\Katalon Studio\\Alfamind\\Reports\\Login\\20190902_202318...</message>
  <nestedLevel>0</nestedLevel>
</record>
<record>
  <date>2019-09-02T20:28:30</date>
  <millis>1567430910422</millis>
  <sequence>805</sequence>
  <level>INFO</level>
  <class>com.kms.katalon.core.logging.XmlKeywordLogger</class>
  <method>logMessage</method>
  <thread>1</thread>
  <message>JUnit report generated</message>
  <nestedLevel>0</nestedLevel>
</record>
<record>
  <date>2019-09-02T20:28:30</date>
  <millis>1567430910424</millis>
  <sequence>807</sequence>
  <level>END</level>
  <class>com.kms.katalon.core.logging.XmlKeywordLogger</class>
  <method>endKeyword</method>
  <thread>1</thread>
  <message>End listener action : exportKatalonReports</message>
  <nestedLevel>0</nestedLevel>
</record>
<record>
  <date>2019-09-02T20:28:30</date>
  <millis>1567430910459</millis>
  <sequence>808</sequence>
  <level>END</level>
  <class>com.kms.katalon.core.logging.XmlKeywordLogger</class>
  <method>endSuite</method>
  <thread>1</thread>
  <message>End Test Suite : Test Suites/Login</message>
  <nestedLevel>0</nestedLevel>
</record>
</log>