<?xml version="1.0" encoding="UTF-8" standalone="no"?>
<!DOCTYPE log SYSTEM "logger.dtd">
<log>
<record>
  <date>2019-10-15T12:27:52</date>
  <millis>1571117272554</millis>
  <sequence>0</sequence>
  <level>START</level>
  <class>com.kms.katalon.core.logging.XmlKeywordLogger</class>
  <method>startSuite</method>
  <thread>1</thread>
  <message>Start Test Suite : Test Suites/Registrasi</message>
  <nestedLevel>0</nestedLevel>
  <property name="name">Registrasi</property>
  <property name="description"></property>
  <property name="id">Test Suites/Registrasi</property>
</record>
<record>
  <date>2019-10-15T12:27:52</date>
  <millis>1571117272608</millis>
  <sequence>1</sequence>
  <level>RUN_DATA</level>
  <class>com.kms.katalon.core.logging.XmlKeywordLogger</class>
  <method>logMessage</method>
  <thread>1</thread>
  <message>hostName = Meteor_PC - DESKTOP-409KR41</message>
  <nestedLevel>0</nestedLevel>
  <property name="hostName">Meteor_PC - DESKTOP-409KR41</property>
</record>
<record>
  <date>2019-10-15T12:27:52</date>
  <millis>1571117272613</millis>
  <sequence>2</sequence>
  <level>RUN_DATA</level>
  <class>com.kms.katalon.core.logging.XmlKeywordLogger</class>
  <method>logMessage</method>
  <thread>1</thread>
  <message>os = Windows 10 64bit</message>
  <nestedLevel>0</nestedLevel>
  <property name="os">Windows 10 64bit</property>
</record>
<record>
  <date>2019-10-15T12:27:52</date>
  <millis>1571117272616</millis>
  <sequence>3</sequence>
  <level>RUN_DATA</level>
  <class>com.kms.katalon.core.logging.XmlKeywordLogger</class>
  <method>logMessage</method>
  <thread>1</thread>
  <message>hostAddress = 172.18.100.65</message>
  <nestedLevel>0</nestedLevel>
  <property name="hostAddress">172.18.100.65</property>
</record>
<record>
  <date>2019-10-15T12:27:52</date>
  <millis>1571117272631</millis>
  <sequence>4</sequence>
  <level>RUN_DATA</level>
  <class>com.kms.katalon.core.logging.XmlKeywordLogger</class>
  <method>logMessage</method>
  <thread>1</thread>
  <message>katalonVersion = 6.3.3.11</message>
  <nestedLevel>0</nestedLevel>
  <property name="katalonVersion">6.3.3.11</property>
</record>
<record>
  <date>2019-10-15T12:27:53</date>
  <millis>1571117273600</millis>
  <sequence>5</sequence>
  <level>START</level>
  <class>com.kms.katalon.core.logging.XmlKeywordLogger</class>
  <method>startTest</method>
  <thread>1</thread>
  <message>Start Test Case : Test Cases/Registrasi/Registrasi</message>
  <nestedLevel>1</nestedLevel>
  <property name="name">Test Cases/Registrasi/Registrasi</property>
  <property name="description"></property>
  <property name="id">Test Cases/Registrasi/Registrasi</property>
  <property name="source">C:\\Users\\Meteor_PC\\Katalon Studio\\Alfamind\\Test Cases\\Registrasi\\Registrasi.tc</property>
  <property name="tag"></property>
  <property name="isOptional">false</property>
</record>
<record>
  <date>2019-10-15T12:27:57</date>
  <millis>1571117277094</millis>
  <sequence>7</sequence>
  <level>START</level>
  <class>com.kms.katalon.core.logging.XmlKeywordLogger</class>
  <method>startKeyword</method>
  <thread>1</thread>
  <message>Start action : startApplication(ApkFile, false)</message>
  <nestedLevel>1</nestedLevel>
  <property name="startLine">19</property>
  <property name="stepIndex">1</property>
</record>
<record>
  <date>2019-10-15T12:28:02</date>
  <millis>1571117282609</millis>
  <sequence>9</sequence>
  <level>INFO</level>
  <class>com.kms.katalon.core.logging.XmlKeywordLogger</class>
  <method>logMessage</method>
  <thread>1</thread>
  <message>User set preference: [&amp;apos;deviceId&amp;apos;, &amp;apos;&amp;apos;]</message>
  <nestedLevel>1</nestedLevel>
</record>
